2017-04-10 08:28:49,723 [18] BntWeb.Task.BackgroundService - (null) - 开始执行后台任务 "BntWeb.Activity.Services.ActivityOperateTask" . [(null)]
2017-04-10 08:28:49,724 [10] BntWeb.Task.BackgroundService - (null) - 开始执行后台任务 "BntWeb.OrderProcess.Services.OrderProcessTask" . [(null)]
2017-04-10 08:28:49,724 [17] BntWeb.Task.BackgroundService - (null) - 开始执行后台任务 "BntWeb.Core.SystemSettings.Services.ClearFilesTask" . [(null)]
2017-04-10 08:28:49,724 [6] BntWeb.Task.BackgroundService - (null) - 开始执行后台任务 "BntWeb.Wallet.Services.WalletTask" . [(null)]
2017-04-10 08:28:49,728 [16] BntWeb.Task.BackgroundService - (null) - 开始执行后台任务 "BntWeb.Core.SystemSettings.Services.ClearLogsTask" . [(null)]
2017-04-10 08:28:50,686 [18] BntWeb.Task.BackgroundService - (null) - 后台任务执行完成 "BntWeb.Activity.Services.ActivityOperateTask" . [(null)]
2017-04-10 08:28:50,686 [6] BntWeb.Task.BackgroundService - (null) - 后台任务执行完成 "BntWeb.Wallet.Services.WalletTask" . [(null)]
2017-04-10 08:28:50,686 [10] BntWeb.Task.BackgroundService - (null) - 后台任务执行完成 "BntWeb.OrderProcess.Services.OrderProcessTask" . [(null)]
2017-04-10 08:28:50,733 [17] BntWeb.Task.BackgroundService - (null) - 后台任务执行完成 "BntWeb.Core.SystemSettings.Services.ClearFilesTask" . [(null)]
2017-04-10 08:28:51,404 [16] BntWeb.Task.BackgroundService - (null) - 后台任务执行完成 "BntWeb.Core.SystemSettings.Services.ClearLogsTask" . [(null)]
2017-04-10 08:29:49,737 [13] BntWeb.Task.BackgroundService - (null) - 开始执行后台任务 "BntWeb.Core.SystemSettings.Services.ClearLogsTask" . [(null)]
2017-04-10 08:29:49,737 [17] BntWeb.Task.BackgroundService - (null) - 开始执行后台任务 "BntWeb.Wallet.Services.WalletTask" . [(null)]
2017-04-10 08:29:49,737 [20] BntWeb.Task.BackgroundService - (null) - 开始执行后台任务 "BntWeb.Activity.Services.ActivityOperateTask" . [(null)]
2017-04-10 08:29:49,737 [16] BntWeb.Task.BackgroundService - (null) - 开始执行后台任务 "BntWeb.Core.SystemSettings.Services.ClearFilesTask" . [(null)]
2017-04-10 08:29:49,737 [18] BntWeb.Task.BackgroundService - (null) - 开始执行后台任务 "BntWeb.OrderProcess.Services.OrderProcessTask" . [(null)]
2017-04-10 08:29:49,769 [17] BntWeb.Task.BackgroundService - (null) - 后台任务执行完成 "BntWeb.Wallet.Services.WalletTask" . [(null)]
2017-04-10 08:29:49,769 [13] BntWeb.Task.BackgroundService - (null) - 后台任务执行完成 "BntWeb.Core.SystemSettings.Services.ClearLogsTask" . [(null)]
2017-04-10 08:29:49,784 [16] BntWeb.Task.BackgroundService - (null) - 后台任务执行完成 "BntWeb.Core.SystemSettings.Services.ClearFilesTask" . [(null)]
2017-04-10 08:29:49,784 [20] BntWeb.Task.BackgroundService - (null) - 后台任务执行完成 "BntWeb.Activity.Services.ActivityOperateTask" . [(null)]
2017-04-10 08:29:49,800 [18] BntWeb.Task.BackgroundService - (null) - 后台任务执行完成 "BntWeb.OrderProcess.Services.OrderProcessTask" . [(null)]
2017-04-10 08:30:49,745 [18] BntWeb.Task.BackgroundService - (null) - 开始执行后台任务 "BntWeb.Core.SystemSettings.Services.ClearFilesTask" . [(null)]
2017-04-10 08:30:49,745 [16] BntWeb.Task.BackgroundService - (null) - 开始执行后台任务 "BntWeb.Activity.Services.ActivityOperateTask" . [(null)]
2017-04-10 08:30:49,745 [5] BntWeb.Task.BackgroundService - (null) - 开始执行后台任务 "BntWeb.OrderProcess.Services.OrderProcessTask" . [(null)]
2017-04-10 08:30:49,745 [22] BntWeb.Task.BackgroundService - (null) - 开始执行后台任务 "BntWeb.Wallet.Services.WalletTask" . [(null)]
2017-04-10 08:30:49,745 [6] BntWeb.Task.BackgroundService - (null) - 开始执行后台任务 "BntWeb.Core.SystemSettings.Services.ClearLogsTask" . [(null)]
2017-04-10 08:30:49,776 [22] BntWeb.Task.BackgroundService - (null) - 后台任务执行完成 "BntWeb.Wallet.Services.WalletTask" . [(null)]
2017-04-10 08:30:49,776 [6] BntWeb.Task.BackgroundService - (null) - 后台任务执行完成 "BntWeb.Core.SystemSettings.Services.ClearLogsTask" . [(null)]
2017-04-10 08:30:49,791 [18] BntWeb.Task.BackgroundService - (null) - 后台任务执行完成 "BntWeb.Core.SystemSettings.Services.ClearFilesTask" . [(null)]
2017-04-10 08:30:49,791 [16] BntWeb.Task.BackgroundService - (null) - 后台任务执行完成 "BntWeb.Activity.Services.ActivityOperateTask" . [(null)]
2017-04-10 08:30:49,807 [5] BntWeb.Task.BackgroundService - (null) - 后台任务执行完成 "BntWeb.OrderProcess.Services.OrderProcessTask" . [(null)]
2017-04-10 08:31:49,745 [25] BntWeb.Task.BackgroundService - (null) - 开始执行后台任务 "BntWeb.Core.SystemSettings.Services.ClearFilesTask" . [(null)]
2017-04-10 08:31:49,745 [19] BntWeb.Task.BackgroundService - (null) - 开始执行后台任务 "BntWeb.Wallet.Services.WalletTask" . [(null)]
2017-04-10 08:31:49,745 [6] BntWeb.Task.BackgroundService - (null) - 开始执行后台任务 "BntWeb.Activity.Services.ActivityOperateTask" . [(null)]
2017-04-10 08:31:49,745 [23] BntWeb.Task.BackgroundService - (null) - 开始执行后台任务 "BntWeb.Core.SystemSettings.Services.ClearLogsTask" . [(null)]
2017-04-10 08:31:49,761 [19] BntWeb.Task.BackgroundService - (null) - 后台任务执行完成 "BntWeb.Wallet.Services.WalletTask" . [(null)]
2017-04-10 08:31:49,761 [19] BntWeb.Task.BackgroundService - (null) - 开始执行后台任务 "BntWeb.OrderProcess.Services.OrderProcessTask" . [(null)]
2017-04-10 08:31:49,761 [23] BntWeb.Task.BackgroundService - (null) - 后台任务执行完成 "BntWeb.Core.SystemSettings.Services.ClearLogsTask" . [(null)]
2017-04-10 08:31:49,776 [25] BntWeb.Task.BackgroundService - (null) - 后台任务执行完成 "BntWeb.Core.SystemSettings.Services.ClearFilesTask" . [(null)]
2017-04-10 08:31:49,792 [6] BntWeb.Task.BackgroundService - (null) - 后台任务执行完成 "BntWeb.Activity.Services.ActivityOperateTask" . [(null)]
2017-04-10 08:31:49,808 [19] BntWeb.Task.BackgroundService - (null) - 后台任务执行完成 "BntWeb.OrderProcess.Services.OrderProcessTask" . [(null)]
2017-04-10 08:32:49,746 [25] BntWeb.Task.BackgroundService - (null) - 开始执行后台任务 "BntWeb.Wallet.Services.WalletTask" . [(null)]
2017-04-10 08:32:49,746 [19] BntWeb.Task.BackgroundService - (null) - 开始执行后台任务 "BntWeb.OrderProcess.Services.OrderProcessTask" . [(null)]
2017-04-10 08:32:49,746 [28] BntWeb.Task.BackgroundService - (null) - 开始执行后台任务 "BntWeb.Core.SystemSettings.Services.ClearLogsTask" . [(null)]
2017-04-10 08:32:49,746 [30] BntWeb.Task.BackgroundService - (null) - 开始执行后台任务 "BntWeb.Activity.Services.ActivityOperateTask" . [(null)]
2017-04-10 08:32:49,746 [27] BntWeb.Task.BackgroundService - (null) - 开始执行后台任务 "BntWeb.Core.SystemSettings.Services.ClearFilesTask" . [(null)]
2017-04-10 08:32:49,777 [25] BntWeb.Task.BackgroundService - (null) - 后台任务执行完成 "BntWeb.Wallet.Services.WalletTask" . [(null)]
2017-04-10 08:32:49,793 [28] BntWeb.Task.BackgroundService - (null) - 后台任务执行完成 "BntWeb.Core.SystemSettings.Services.ClearLogsTask" . [(null)]
2017-04-10 08:32:49,793 [27] BntWeb.Task.BackgroundService - (null) - 后台任务执行完成 "BntWeb.Core.SystemSettings.Services.ClearFilesTask" . [(null)]
2017-04-10 08:32:49,808 [30] BntWeb.Task.BackgroundService - (null) - 后台任务执行完成 "BntWeb.Activity.Services.ActivityOperateTask" . [(null)]
2017-04-10 08:32:49,808 [19] BntWeb.Task.BackgroundService - (null) - 后台任务执行完成 "BntWeb.OrderProcess.Services.OrderProcessTask" . [(null)]
2017-04-10 08:33:49,746 [25] BntWeb.Task.BackgroundService - (null) - 开始执行后台任务 "BntWeb.Core.SystemSettings.Services.ClearFilesTask" . [(null)]
2017-04-10 08:33:49,746 [6] BntWeb.Task.BackgroundService - (null) - 开始执行后台任务 "BntWeb.Wallet.Services.WalletTask" . [(null)]
2017-04-10 08:33:49,746 [30] BntWeb.Task.BackgroundService - (null) - 开始执行后台任务 "BntWeb.OrderProcess.Services.OrderProcessTask" . [(null)]
2017-04-10 08:33:49,746 [23] BntWeb.Task.BackgroundService - (null) - 开始执行后台任务 "BntWeb.Core.SystemSettings.Services.ClearLogsTask" . [(null)]
2017-04-10 08:33:49,746 [27] BntWeb.Task.BackgroundService - (null) - 开始执行后台任务 "BntWeb.Activity.Services.ActivityOperateTask" . [(null)]
2017-04-10 08:33:49,777 [6] BntWeb.Task.BackgroundService - (null) - 后台任务执行完成 "BntWeb.Wallet.Services.WalletTask" . [(null)]
2017-04-10 08:33:49,777 [23] BntWeb.Task.BackgroundService - (null) - 后台任务执行完成 "BntWeb.Core.SystemSettings.Services.ClearLogsTask" . [(null)]
2017-04-10 08:33:49,793 [25] BntWeb.Task.BackgroundService - (null) - 后台任务执行完成 "BntWeb.Core.SystemSettings.Services.ClearFilesTask" . [(null)]
2017-04-10 08:33:49,793 [27] BntWeb.Task.BackgroundService - (null) - 后台任务执行完成 "BntWeb.Activity.Services.ActivityOperateTask" . [(null)]
2017-04-10 08:33:49,793 [30] BntWeb.Task.BackgroundService - (null) - 后台任务执行完成 "BntWeb.OrderProcess.Services.OrderProcessTask" . [(null)]
2017-04-10 08:34:49,747 [30] BntWeb.Task.BackgroundService - (null) - 开始执行后台任务 "BntWeb.Core.SystemSettings.Services.ClearFilesTask" . [(null)]
2017-04-10 08:34:49,747 [28] BntWeb.Task.BackgroundService - (null) - 开始执行后台任务 "BntWeb.Wallet.Services.WalletTask" . [(null)]
2017-04-10 08:34:49,747 [23] BntWeb.Task.BackgroundService - (null) - 开始执行后台任务 "BntWeb.Activity.Services.ActivityOperateTask" . [(null)]
2017-04-10 08:34:49,747 [6] BntWeb.Task.BackgroundService - (null) - 开始执行后台任务 "BntWeb.Core.SystemSettings.Services.ClearLogsTask" . [(null)]
2017-04-10 08:34:49,762 [28] BntWeb.Task.BackgroundService - (null) - 后台任务执行完成 "BntWeb.Wallet.Services.WalletTask" . [(null)]
2017-04-10 08:34:49,778 [28] BntWeb.Task.BackgroundService - (null) - 开始执行后台任务 "BntWeb.OrderProcess.Services.OrderProcessTask" . [(null)]
2017-04-10 08:34:49,778 [6] BntWeb.Task.BackgroundService - (null) - 后台任务执行完成 "BntWeb.Core.SystemSettings.Services.ClearLogsTask" . [(null)]
2017-04-10 08:34:49,794 [23] BntWeb.Task.BackgroundService - (null) - 后台任务执行完成 "BntWeb.Activity.Services.ActivityOperateTask" . [(null)]
2017-04-10 08:34:49,794 [30] BntWeb.Task.BackgroundService - (null) - 后台任务执行完成 "BntWeb.Core.SystemSettings.Services.ClearFilesTask" . [(null)]
2017-04-10 08:34:49,841 [28] BntWeb.Task.BackgroundService - (null) - 后台任务执行完成 "BntWeb.OrderProcess.Services.OrderProcessTask" . [(null)]
2017-04-10 08:35:49,747 [6] BntWeb.Task.BackgroundService - (null) - 开始执行后台任务 "BntWeb.Core.SystemSettings.Services.ClearFilesTask" . [(null)]
2017-04-10 08:35:49,747 [33] BntWeb.Task.BackgroundService - (null) - 开始执行后台任务 "BntWeb.Core.SystemSettings.Services.ClearLogsTask" . [(null)]
2017-04-10 08:35:49,747 [23] BntWeb.Task.BackgroundService - (null) - 开始执行后台任务 "BntWeb.Wallet.Services.WalletTask" . [(null)]
2017-04-10 08:35:49,747 [34] BntWeb.Task.BackgroundService - (null) - 开始执行后台任务 "BntWeb.Activity.Services.ActivityOperateTask" . [(null)]
2017-04-10 08:35:49,747 [31] BntWeb.Task.BackgroundService - (null) - 开始执行后台任务 "BntWeb.OrderProcess.Services.OrderProcessTask" . [(null)]
2017-04-10 08:35:49,779 [33] BntWeb.Task.BackgroundService - (null) - 后台任务执行完成 "BntWeb.Core.SystemSettings.Services.ClearLogsTask" . [(null)]
2017-04-10 08:35:49,779 [23] BntWeb.Task.BackgroundService - (null) - 后台任务执行完成 "BntWeb.Wallet.Services.WalletTask" . [(null)]
2017-04-10 08:35:49,794 [6] BntWeb.Task.BackgroundService - (null) - 后台任务执行完成 "BntWeb.Core.SystemSettings.Services.ClearFilesTask" . [(null)]
2017-04-10 08:35:49,794 [34] BntWeb.Task.BackgroundService - (null) - 后台任务执行完成 "BntWeb.Activity.Services.ActivityOperateTask" . [(null)]
2017-04-10 08:35:49,794 [31] BntWeb.Task.BackgroundService - (null) - 后台任务执行完成 "BntWeb.OrderProcess.Services.OrderProcessTask" . [(null)]
2017-04-10 08:36:49,748 [23] BntWeb.Task.BackgroundService - (null) - 开始执行后台任务 "BntWeb.Core.SystemSettings.Services.ClearFilesTask" . [(null)]
2017-04-10 08:36:49,748 [6] BntWeb.Task.BackgroundService - (null) - 开始执行后台任务 "BntWeb.Core.SystemSettings.Services.ClearLogsTask" . [(null)]
2017-04-10 08:36:49,748 [30] BntWeb.Task.BackgroundService - (null) - 开始执行后台任务 "BntWeb.Wallet.Services.WalletTask" . [(null)]
2017-04-10 08:36:49,748 [28] BntWeb.Task.BackgroundService - (null) - 开始执行后台任务 "BntWeb.Activity.Services.ActivityOperateTask" . [(null)]
2017-04-10 08:36:49,795 [30] BntWeb.Task.BackgroundService - (null) - 后台任务执行完成 "BntWeb.Wallet.Services.WalletTask" . [(null)]
2017-04-10 08:36:49,795 [30] BntWeb.Task.BackgroundService - (null) - 开始执行后台任务 "BntWeb.OrderProcess.Services.OrderProcessTask" . [(null)]
2017-04-10 08:36:49,795 [6] BntWeb.Task.BackgroundService - (null) - 后台任务执行完成 "BntWeb.Core.SystemSettings.Services.ClearLogsTask" . [(null)]
2017-04-10 08:36:49,810 [23] BntWeb.Task.BackgroundService - (null) - 后台任务执行完成 "BntWeb.Core.SystemSettings.Services.ClearFilesTask" . [(null)]
2017-04-10 08:36:49,826 [28] BntWeb.Task.BackgroundService - (null) - 后台任务执行完成 "BntWeb.Activity.Services.ActivityOperateTask" . [(null)]
2017-04-10 08:36:49,873 [30] BntWeb.Task.BackgroundService - (null) - 后台任务执行完成 "BntWeb.OrderProcess.Services.OrderProcessTask" . [(null)]
2017-04-10 08:37:49,761 [28] BntWeb.Task.BackgroundService - (null) - 开始执行后台任务 "BntWeb.Core.SystemSettings.Services.ClearFilesTask" . [(null)]
2017-04-10 08:37:49,761 [23] BntWeb.Task.BackgroundService - (null) - 开始执行后台任务 "BntWeb.OrderProcess.Services.OrderProcessTask" . [(null)]
2017-04-10 08:37:49,761 [36] BntWeb.Task.BackgroundService - (null) - 开始执行后台任务 "BntWeb.Activity.Services.ActivityOperateTask" . [(null)]
2017-04-10 08:37:49,761 [35] BntWeb.Task.BackgroundService - (null) - 开始执行后台任务 "BntWeb.Wallet.Services.WalletTask" . [(null)]
2017-04-10 08:37:49,761 [6] BntWeb.Task.BackgroundService - (null) - 开始执行后台任务 "BntWeb.Core.SystemSettings.Services.ClearLogsTask" . [(null)]
2017-04-10 08:37:49,855 [23] BntWeb.Task.BackgroundService - (null) - 后台任务执行完成 "BntWeb.OrderProcess.Services.OrderProcessTask" . [(null)]
2017-04-10 08:37:50,105 [35] BntWeb.Task.BackgroundService - (null) - 后台任务执行完成 "BntWeb.Wallet.Services.WalletTask" . [(null)]
2017-04-10 08:37:50,120 [6] BntWeb.Task.BackgroundService - (null) - 后台任务执行完成 "BntWeb.Core.SystemSettings.Services.ClearLogsTask" . [(null)]
2017-04-10 08:37:50,120 [28] BntWeb.Task.BackgroundService - (null) - 后台任务执行完成 "BntWeb.Core.SystemSettings.Services.ClearFilesTask" . [(null)]
2017-04-10 08:37:50,152 [36] BntWeb.Task.BackgroundService - (null) - 后台任务执行完成 "BntWeb.Activity.Services.ActivityOperateTask" . [(null)]
2017-04-10 08:38:49,774 [30] BntWeb.Task.BackgroundService - (null) - 开始执行后台任务 "BntWeb.Core.SystemSettings.Services.ClearLogsTask" . [(null)]
2017-04-10 08:38:49,774 [6] BntWeb.Task.BackgroundService - (null) - 开始执行后台任务 "BntWeb.Wallet.Services.WalletTask" . [(null)]
2017-04-10 08:38:49,774 [23] BntWeb.Task.BackgroundService - (null) - 开始执行后台任务 "BntWeb.Activity.Services.ActivityOperateTask" . [(null)]
2017-04-10 08:38:49,774 [37] BntWeb.Task.BackgroundService - (null) - 开始执行后台任务 "BntWeb.Core.SystemSettings.Services.ClearFilesTask" . [(null)]
2017-04-10 08:38:49,820 [30] BntWeb.Task.BackgroundService - (null) - 后台任务执行完成 "BntWeb.Core.SystemSettings.Services.ClearLogsTask" . [(null)]
2017-04-10 08:38:49,820 [30] BntWeb.Task.BackgroundService - (null) - 开始执行后台任务 "BntWeb.OrderProcess.Services.OrderProcessTask" . [(null)]
2017-04-10 08:38:49,820 [6] BntWeb.Task.BackgroundService - (null) - 后台任务执行完成 "BntWeb.Wallet.Services.WalletTask" . [(null)]
2017-04-10 08:38:49,836 [37] BntWeb.Task.BackgroundService - (null) - 后台任务执行完成 "BntWeb.Core.SystemSettings.Services.ClearFilesTask" . [(null)]
2017-04-10 08:38:49,867 [23] BntWeb.Task.BackgroundService - (null) - 后台任务执行完成 "BntWeb.Activity.Services.ActivityOperateTask" . [(null)]
2017-04-10 08:38:50,305 [30] BntWeb.Task.BackgroundService - (null) - 后台任务执行完成 "BntWeb.OrderProcess.Services.OrderProcessTask" . [(null)]
2017-04-10 08:39:49,786 [39] BntWeb.Task.BackgroundService - (null) - 开始执行后台任务 "BntWeb.Activity.Services.ActivityOperateTask" . [(null)]
2017-04-10 08:39:49,786 [37] BntWeb.Task.BackgroundService - (null) - 开始执行后台任务 "BntWeb.OrderProcess.Services.OrderProcessTask" . [(null)]
2017-04-10 08:39:49,786 [23] BntWeb.Task.BackgroundService - (null) - 开始执行后台任务 "BntWeb.Wallet.Services.WalletTask" . [(null)]
2017-04-10 08:39:49,786 [6] BntWeb.Task.BackgroundService - (null) - 开始执行后台任务 "BntWeb.Core.SystemSettings.Services.ClearLogsTask" . [(null)]
2017-04-10 08:39:49,786 [30] BntWeb.Task.BackgroundService - (null) - 开始执行后台任务 "BntWeb.Core.SystemSettings.Services.ClearFilesTask" . [(null)]
2017-04-10 08:39:49,833 [23] BntWeb.Task.BackgroundService - (null) - 后台任务执行完成 "BntWeb.Wallet.Services.WalletTask" . [(null)]
2017-04-10 08:39:49,833 [6] BntWeb.Task.BackgroundService - (null) - 后台任务执行完成 "BntWeb.Core.SystemSettings.Services.ClearLogsTask" . [(null)]
2017-04-10 08:39:49,848 [30] BntWeb.Task.BackgroundService - (null) - 后台任务执行完成 "BntWeb.Core.SystemSettings.Services.ClearFilesTask" . [(null)]
2017-04-10 08:39:49,864 [39] BntWeb.Task.BackgroundService - (null) - 后台任务执行完成 "BntWeb.Activity.Services.ActivityOperateTask" . [(null)]
2017-04-10 08:39:50,239 [37] BntWeb.Task.BackgroundService - (null) - 后台任务执行完成 "BntWeb.OrderProcess.Services.OrderProcessTask" . [(null)]
2017-04-10 08:40:49,786 [39] BntWeb.Task.BackgroundService - (null) - 开始执行后台任务 "BntWeb.Activity.Services.ActivityOperateTask" . [(null)]
2017-04-10 08:40:49,786 [41] BntWeb.Task.BackgroundService - (null) - 开始执行后台任务 "BntWeb.Core.SystemSettings.Services.ClearFilesTask" . [(null)]
2017-04-10 08:40:49,786 [37] BntWeb.Task.BackgroundService - (null) - 开始执行后台任务 "BntWeb.OrderProcess.Services.OrderProcessTask" . [(null)]
2017-04-10 08:40:49,786 [23] BntWeb.Task.BackgroundService - (null) - 开始执行后台任务 "BntWeb.Core.SystemSettings.Services.ClearLogsTask" . [(null)]
2017-04-10 08:40:49,786 [43] BntWeb.Task.BackgroundService - (null) - 开始执行后台任务 "BntWeb.Wallet.Services.WalletTask" . [(null)]
2017-04-10 08:40:49,833 [43] BntWeb.Task.BackgroundService - (null) - 后台任务执行完成 "BntWeb.Wallet.Services.WalletTask" . [(null)]
2017-04-10 08:40:49,833 [23] BntWeb.Task.BackgroundService - (null) - 后台任务执行完成 "BntWeb.Core.SystemSettings.Services.ClearLogsTask" . [(null)]
2017-04-10 08:40:49,849 [41] BntWeb.Task.BackgroundService - (null) - 后台任务执行完成 "BntWeb.Core.SystemSettings.Services.ClearFilesTask" . [(null)]
2017-04-10 08:40:49,865 [39] BntWeb.Task.BackgroundService - (null) - 后台任务执行完成 "BntWeb.Activity.Services.ActivityOperateTask" . [(null)]
2017-04-10 08:40:49,880 [37] BntWeb.Task.BackgroundService - (null) - 后台任务执行完成 "BntWeb.OrderProcess.Services.OrderProcessTask" . [(null)]
2017-04-10 08:41:49,791 [6] BntWeb.Task.BackgroundService - (null) - 开始执行后台任务 "BntWeb.Core.SystemSettings.Services.ClearLogsTask" . [(null)]
2017-04-10 08:41:49,791 [41] BntWeb.Task.BackgroundService - (null) - 开始执行后台任务 "BntWeb.Core.SystemSettings.Services.ClearFilesTask" . [(null)]
2017-04-10 08:41:49,791 [37] BntWeb.Task.BackgroundService - (null) - 开始执行后台任务 "BntWeb.Activity.Services.ActivityOperateTask" . [(null)]
2017-04-10 08:41:49,791 [43] BntWeb.Task.BackgroundService - (null) - 开始执行后台任务 "BntWeb.Wallet.Services.WalletTask" . [(null)]
2017-04-10 08:41:49,838 [6] BntWeb.Task.BackgroundService - (null) - 后台任务执行完成 "BntWeb.Core.SystemSettings.Services.ClearLogsTask" . [(null)]
2017-04-10 08:41:49,838 [43] BntWeb.Task.BackgroundService - (null) - 后台任务执行完成 "BntWeb.Wallet.Services.WalletTask" . [(null)]
2017-04-10 08:41:49,838 [6] BntWeb.Task.BackgroundService - (null) - 开始执行后台任务 "BntWeb.OrderProcess.Services.OrderProcessTask" . [(null)]
2017-04-10 08:41:49,869 [37] BntWeb.Task.BackgroundService - (null) - 后台任务执行完成 "BntWeb.Activity.Services.ActivityOperateTask" . [(null)]
2017-04-10 08:41:49,932 [6] BntWeb.Task.BackgroundService - (null) - 后台任务执行完成 "BntWeb.OrderProcess.Services.OrderProcessTask" . [(null)]
2017-04-10 08:41:50,151 [41] BntWeb.Task.BackgroundService - (null) - 后台任务执行完成 "BntWeb.Core.SystemSettings.Services.ClearFilesTask" . [(null)]
2017-04-10 08:42:49,792 [41] BntWeb.Task.BackgroundService - (null) - 开始执行后台任务 "BntWeb.Core.SystemSettings.Services.ClearFilesTask" . [(null)]
2017-04-10 08:42:49,792 [43] BntWeb.Task.BackgroundService - (null) - 开始执行后台任务 "BntWeb.Core.SystemSettings.Services.ClearLogsTask" . [(null)]
2017-04-10 08:42:49,792 [46] BntWeb.Task.BackgroundService - (null) - 开始执行后台任务 "BntWeb.Wallet.Services.WalletTask" . [(null)]
2017-04-10 08:42:49,792 [45] BntWeb.Task.BackgroundService - (null) - 开始执行后台任务 "BntWeb.OrderProcess.Services.OrderProcessTask" . [(null)]
2017-04-10 08:42:49,792 [37] BntWeb.Task.BackgroundService - (null) - 开始执行后台任务 "BntWeb.Activity.Services.ActivityOperateTask" . [(null)]
2017-04-10 08:42:49,854 [41] BntWeb.Task.BackgroundService - (null) - 后台任务执行完成 "BntWeb.Core.SystemSettings.Services.ClearFilesTask" . [(null)]
2017-04-10 08:42:49,886 [37] BntWeb.Task.BackgroundService - (null) - 后台任务执行完成 "BntWeb.Activity.Services.ActivityOperateTask" . [(null)]
2017-04-10 08:42:49,886 [45] BntWeb.Task.BackgroundService - (null) - 后台任务执行完成 "BntWeb.OrderProcess.Services.OrderProcessTask" . [(null)]
2017-04-10 08:42:50,136 [46] BntWeb.Task.BackgroundService - (null) - 后台任务执行完成 "BntWeb.Wallet.Services.WalletTask" . [(null)]
2017-04-10 08:42:51,026 [43] BntWeb.Task.BackgroundService - (null) - 后台任务执行完成 "BntWeb.Core.SystemSettings.Services.ClearLogsTask" . [(null)]
2017-04-10 08:43:49,807 [41] BntWeb.Task.BackgroundService - (null) - 开始执行后台任务 "BntWeb.Core.SystemSettings.Services.ClearLogsTask" . [(null)]
2017-04-10 08:43:49,807 [46] BntWeb.Task.BackgroundService - (null) - 开始执行后台任务 "BntWeb.Core.SystemSettings.Services.ClearFilesTask" . [(null)]
2017-04-10 08:43:49,807 [37] BntWeb.Task.BackgroundService - (null) - 开始执行后台任务 "BntWeb.Wallet.Services.WalletTask" . [(null)]
2017-04-10 08:43:49,807 [43] BntWeb.Task.BackgroundService - (null) - 开始执行后台任务 "BntWeb.Activity.Services.ActivityOperateTask" . [(null)]
2017-04-10 08:43:49,873 [41] BntWeb.Task.BackgroundService - (null) - 后台任务执行完成 "BntWeb.Core.SystemSettings.Services.ClearLogsTask" . [(null)]
2017-04-10 08:43:49,874 [37] BntWeb.Task.BackgroundService - (null) - 后台任务执行完成 "BntWeb.Wallet.Services.WalletTask" . [(null)]
2017-04-10 08:43:49,875 [41] BntWeb.Task.BackgroundService - (null) - 开始执行后台任务 "BntWeb.OrderProcess.Services.OrderProcessTask" . [(null)]
2017-04-10 08:43:49,908 [46] BntWeb.Task.BackgroundService - (null) - 后台任务执行完成 "BntWeb.Core.SystemSettings.Services.ClearFilesTask" . [(null)]
2017-04-10 08:43:49,908 [43] BntWeb.Task.BackgroundService - (null) - 后台任务执行完成 "BntWeb.Activity.Services.ActivityOperateTask" . [(null)]
2017-04-10 08:43:50,704 [41] BntWeb.Task.BackgroundService - (null) - 后台任务执行完成 "BntWeb.OrderProcess.Services.OrderProcessTask" . [(null)]
2017-04-10 08:44:49,820 [37] BntWeb.Task.BackgroundService - (null) - 开始执行后台任务 "BntWeb.Core.SystemSettings.Services.ClearFilesTask" . [(null)]
2017-04-10 08:44:49,820 [41] BntWeb.Task.BackgroundService - (null) - 开始执行后台任务 "BntWeb.Core.SystemSettings.Services.ClearLogsTask" . [(null)]
2017-04-10 08:44:49,821 [46] BntWeb.Task.BackgroundService - (null) - 开始执行后台任务 "BntWeb.Activity.Services.ActivityOperateTask" . [(null)]
2017-04-10 08:44:49,821 [48] BntWeb.Task.BackgroundService - (null) - 开始执行后台任务 "BntWeb.OrderProcess.Services.OrderProcessTask" . [(null)]
2017-04-10 08:44:49,820 [49] BntWeb.Task.BackgroundService - (null) - 开始执行后台任务 "BntWeb.Wallet.Services.WalletTask" . [(null)]
2017-04-10 08:44:49,865 [49] BntWeb.Task.BackgroundService - (null) - 后台任务执行完成 "BntWeb.Wallet.Services.WalletTask" . [(null)]
2017-04-10 08:44:49,866 [41] BntWeb.Task.BackgroundService - (null) - 后台任务执行完成 "BntWeb.Core.SystemSettings.Services.ClearLogsTask" . [(null)]
2017-04-10 08:44:49,896 [46] BntWeb.Task.BackgroundService - (null) - 后台任务执行完成 "BntWeb.Activity.Services.ActivityOperateTask" . [(null)]
2017-04-10 08:44:49,940 [48] BntWeb.Task.BackgroundService - (null) - 后台任务执行完成 "BntWeb.OrderProcess.Services.OrderProcessTask" . [(null)]
2017-04-10 08:44:50,177 [37] BntWeb.Task.BackgroundService - (null) - 后台任务执行完成 "BntWeb.Core.SystemSettings.Services.ClearFilesTask" . [(null)]
2017-04-10 08:45:49,833 [43] BntWeb.Task.BackgroundService - (null) - 开始执行后台任务 "BntWeb.Activity.Services.ActivityOperateTask" . [(null)]
2017-04-10 08:45:49,833 [40] BntWeb.Task.BackgroundService - (null) - 开始执行后台任务 "BntWeb.Core.SystemSettings.Services.ClearLogsTask" . [(null)]
2017-04-10 08:45:49,833 [37] BntWeb.Task.BackgroundService - (null) - 开始执行后台任务 "BntWeb.Core.SystemSettings.Services.ClearFilesTask" . [(null)]
2017-04-10 08:45:49,833 [49] BntWeb.Task.BackgroundService - (null) - 开始执行后台任务 "BntWeb.Wallet.Services.WalletTask" . [(null)]
2017-04-10 08:45:49,867 [49] BntWeb.Task.BackgroundService - (null) - 后台任务执行完成 "BntWeb.Wallet.Services.WalletTask" . [(null)]
2017-04-10 08:45:49,868 [40] BntWeb.Task.BackgroundService - (null) - 后台任务执行完成 "BntWeb.Core.SystemSettings.Services.ClearLogsTask" . [(null)]
2017-04-10 08:45:49,868 [49] BntWeb.Task.BackgroundService - (null) - 开始执行后台任务 "BntWeb.OrderProcess.Services.OrderProcessTask" . [(null)]
2017-04-10 08:45:49,882 [37] BntWeb.Task.BackgroundService - (null) - 后台任务执行完成 "BntWeb.Core.SystemSettings.Services.ClearFilesTask" . [(null)]
2017-04-10 08:45:49,883 [43] BntWeb.Task.BackgroundService - (null) - 后台任务执行完成 "BntWeb.Activity.Services.ActivityOperateTask" . [(null)]
2017-04-10 08:45:49,922 [49] BntWeb.Task.BackgroundService - (null) - 后台任务执行完成 "BntWeb.OrderProcess.Services.OrderProcessTask" . [(null)]
2017-04-10 08:46:49,834 [43] BntWeb.Task.BackgroundService - (null) - 开始执行后台任务 "BntWeb.Core.SystemSettings.Services.ClearFilesTask" . [(null)]
2017-04-10 08:46:49,834 [49] BntWeb.Task.BackgroundService - (null) - 开始执行后台任务 "BntWeb.Wallet.Services.WalletTask" . [(null)]
2017-04-10 08:46:49,834 [47] BntWeb.Task.BackgroundService - (null) - 开始执行后台任务 "BntWeb.Core.SystemSettings.Services.ClearLogsTask" . [(null)]
2017-04-10 08:46:49,834 [40] BntWeb.Task.BackgroundService - (null) - 开始执行后台任务 "BntWeb.OrderProcess.Services.OrderProcessTask" . [(null)]
2017-04-10 08:46:49,834 [37] BntWeb.Task.BackgroundService - (null) - 开始执行后台任务 "BntWeb.Activity.Services.ActivityOperateTask" . [(null)]
2017-04-10 08:46:49,880 [49] BntWeb.Task.BackgroundService - (null) - 后台任务执行完成 "BntWeb.Wallet.Services.WalletTask" . [(null)]
2017-04-10 08:46:49,880 [47] BntWeb.Task.BackgroundService - (null) - 后台任务执行完成 "BntWeb.Core.SystemSettings.Services.ClearLogsTask" . [(null)]
2017-04-10 08:46:49,896 [43] BntWeb.Task.BackgroundService - (null) - 后台任务执行完成 "BntWeb.Core.SystemSettings.Services.ClearFilesTask" . [(null)]
2017-04-10 08:46:49,912 [37] BntWeb.Task.BackgroundService - (null) - 后台任务执行完成 "BntWeb.Activity.Services.ActivityOperateTask" . [(null)]
2017-04-10 08:46:49,943 [40] BntWeb.Task.BackgroundService - (null) - 后台任务执行完成 "BntWeb.OrderProcess.Services.OrderProcessTask" . [(null)]
2017-04-10 11:41:03,343 [11] BntWeb.Environment.DefaultBntWebHost - (null) - Initializing [(null)]
2017-04-10 11:41:03,889 [11] BntWeb.Environment.DefaultBntWebHost - (null) - Start creation of shells [(null)]
2017-04-10 11:41:03,899 [11] BntWeb.Environment.DefaultBntWebShell - (null) - 成功加载模块系统:System [(null)]
2017-04-10 11:41:03,900 [11] BntWeb.Environment.DefaultBntWebShell - (null) - 成功加载模块后台用户:Core-SystemUsers [(null)]
2017-04-10 11:41:03,901 [11] BntWeb.Environment.DefaultBntWebShell - (null) - 成功加载模块系统管理:Core-SystemSettings [(null)]
2017-04-10 11:41:03,902 [11] BntWeb.Environment.DefaultBntWebShell - (null) - 成功加载模块系统错误:Core-Error [(null)]
2017-04-10 11:41:03,902 [11] BntWeb.Environment.DefaultBntWebShell - (null) - 成功加载模块活动管理:BntWeb-Activity [(null)]
2017-04-10 11:41:03,904 [11] BntWeb.Environment.DefaultBntWebShell - (null) - 成功加载模块配置管理:BntWeb-Config [(null)]
2017-04-10 11:41:03,907 [11] BntWeb.Environment.DefaultBntWebShell - (null) - 成功加载模块内容标记:BntWeb-ContentMarkup [(null)]
2017-04-10 11:41:03,909 [11] BntWeb.Environment.DefaultBntWebShell - (null) - 成功加载模块嘉宾管理:BntWeb-Guest [(null)]
2017-04-10 11:41:03,910 [11] BntWeb.Environment.DefaultBntWebShell - (null) - 成功加载模块物流管理:BntWeb-Logistics [(null)]
2017-04-10 11:41:03,910 [11] BntWeb.Environment.DefaultBntWebShell - (null) - 成功加载模块商城管理:BntWeb-Mall [(null)]
2017-04-10 11:41:03,911 [11] BntWeb.Environment.DefaultBntWebShell - (null) - 成功加载模块会员基础:BntWeb-MemberBase [(null)]
2017-04-10 11:41:03,911 [11] BntWeb.Environment.DefaultBntWebShell - (null) - 成功加载模块会员管理:BntWeb-MemberCenter [(null)]
2017-04-10 11:41:03,911 [11] BntWeb.Environment.DefaultBntWebShell - (null) - 成功加载模块订单管理:BntWeb-OrderProcess [(null)]
2017-04-10 11:41:03,912 [11] BntWeb.Environment.DefaultBntWebShell - (null) - 成功加载模块支付管理:BntWeb-PaymentProcess [(null)]
2017-04-10 11:41:03,912 [11] BntWeb.Environment.DefaultBntWebShell - (null) - 成功加载模块单页管理:BntWeb-SinglePage [(null)]
2017-04-10 11:41:03,913 [11] BntWeb.Environment.DefaultBntWebShell - (null) - 成功加载模块消息中心:BntWeb-SystemMessage [(null)]
2017-04-10 11:41:03,913 [11] BntWeb.Environment.DefaultBntWebShell - (null) - 成功加载模块钱包管理:BntWeb-Wallet [(null)]
2017-04-10 11:41:03,913 [11] BntWeb.Environment.DefaultBntWebShell - (null) - 加载17项IRouteProvider [(null)]
2017-04-10 11:41:03,914 [11] BntWeb.Environment.DefaultBntWebShell - (null) - 加载12项IHttpRouteProvider [(null)]
2017-04-10 11:41:04,013 [11] BntWeb.Mvc.Routes.RoutePublisher - (null) - 共加载169条路由 [(null)]
2017-04-10 11:41:04,210 [11] BntWeb.Environment.DefaultBntWebHost - (null) - Initialized [(null)]
2017-04-10 11:42:04,100 [12] BntWeb.Task.BackgroundService - (null) - 开始执行后台任务 "BntWeb.Core.SystemSettings.Services.ClearFilesTask" . [(null)]
2017-04-10 11:42:04,100 [9] BntWeb.Task.BackgroundService - (null) - 开始执行后台任务 "BntWeb.OrderProcess.Services.OrderProcessTask" . [(null)]
2017-04-10 11:42:04,100 [11] BntWeb.Task.BackgroundService - (null) - 开始执行后台任务 "BntWeb.Core.SystemSettings.Services.ClearLogsTask" . [(null)]
2017-04-10 11:42:04,100 [5] BntWeb.Task.BackgroundService - (null) - 开始执行后台任务 "BntWeb.Activity.Services.ActivityOperateTask" . [(null)]
2017-04-10 11:42:04,303 [11] BntWeb.Task.BackgroundService - (null) - 后台任务执行完成 "BntWeb.Core.SystemSettings.Services.ClearLogsTask" . [(null)]
2017-04-10 11:42:04,303 [11] BntWeb.Task.BackgroundService - (null) - 开始执行后台任务 "BntWeb.Wallet.Services.WalletTask" . [(null)]
2017-04-10 11:42:04,491 [12] BntWeb.Task.BackgroundService - (null) - 后台任务执行完成 "BntWeb.Core.SystemSettings.Services.ClearFilesTask" . [(null)]
2017-04-10 11:42:04,506 [5] BntWeb.Task.BackgroundService - (null) - 后台任务执行完成 "BntWeb.Activity.Services.ActivityOperateTask" . [(null)]
2017-04-10 11:42:04,506 [9] BntWeb.Task.BackgroundService - (null) - 后台任务执行完成 "BntWeb.OrderProcess.Services.OrderProcessTask" . [(null)]
2017-04-10 11:42:04,897 [11] BntWeb.Task.BackgroundService - (null) - 后台任务执行完成 "BntWeb.Wallet.Services.WalletTask" . [(null)]
2017-04-10 11:43:04,088 [9] BntWeb.Task.BackgroundService - (null) - 开始执行后台任务 "BntWeb.Core.SystemSettings.Services.ClearLogsTask" . [(null)]
2017-04-10 11:43:04,088 [11] BntWeb.Task.BackgroundService - (null) - 开始执行后台任务 "BntWeb.Wallet.Services.WalletTask" . [(null)]
2017-04-10 11:43:04,088 [12] BntWeb.Task.BackgroundService - (null) - 开始执行后台任务 "BntWeb.OrderProcess.Services.OrderProcessTask" . [(null)]
2017-04-10 11:43:04,088 [5] BntWeb.Task.BackgroundService - (null) - 开始执行后台任务 "BntWeb.Core.SystemSettings.Services.ClearFilesTask" . [(null)]
2017-04-10 11:43:04,088 [16] BntWeb.Task.BackgroundService - (null) - 开始执行后台任务 "BntWeb.Activity.Services.ActivityOperateTask" . [(null)]
2017-04-10 11:43:04,119 [9] BntWeb.Task.BackgroundService - (null) - 后台任务执行完成 "BntWeb.Core.SystemSettings.Services.ClearLogsTask" . [(null)]
2017-04-10 11:43:04,150 [5] BntWeb.Task.BackgroundService - (null) - 后台任务执行完成 "BntWeb.Core.SystemSettings.Services.ClearFilesTask" . [(null)]
2017-04-10 11:43:04,150 [16] BntWeb.Task.BackgroundService - (null) - 后台任务执行完成 "BntWeb.Activity.Services.ActivityOperateTask" . [(null)]
2017-04-10 11:43:04,150 [12] BntWeb.Task.BackgroundService - (null) - 后台任务执行完成 "BntWeb.OrderProcess.Services.OrderProcessTask" . [(null)]
2017-04-10 11:43:04,260 [11] BntWeb.Task.BackgroundService - (null) - 后台任务执行完成 "BntWeb.Wallet.Services.WalletTask" . [(null)]
2017-04-10 11:44:04,089 [18] BntWeb.Task.BackgroundService - (null) - 开始执行后台任务 "BntWeb.Core.SystemSettings.Services.ClearLogsTask" . [(null)]
2017-04-10 11:44:04,090 [12] BntWeb.Task.BackgroundService - (null) - 开始执行后台任务 "BntWeb.OrderProcess.Services.OrderProcessTask" . [(null)]
2017-04-10 11:44:04,092 [16] BntWeb.Task.BackgroundService - (null) - 开始执行后台任务 "BntWeb.Wallet.Services.WalletTask" . [(null)]
2017-04-10 11:44:04,089 [5] BntWeb.Task.BackgroundService - (null) - 开始执行后台任务 "BntWeb.Core.SystemSettings.Services.ClearFilesTask" . [(null)]
2017-04-10 11:44:04,090 [19] BntWeb.Task.BackgroundService - (null) - 开始执行后台任务 "BntWeb.Activity.Services.ActivityOperateTask" . [(null)]
2017-04-10 11:44:04,126 [16] BntWeb.Task.BackgroundService - (null) - 后台任务执行完成 "BntWeb.Wallet.Services.WalletTask" . [(null)]
2017-04-10 11:44:04,126 [18] BntWeb.Task.BackgroundService - (null) - 后台任务执行完成 "BntWeb.Core.SystemSettings.Services.ClearLogsTask" . [(null)]
2017-04-10 11:44:04,147 [5] BntWeb.Task.BackgroundService - (null) - 后台任务执行完成 "BntWeb.Core.SystemSettings.Services.ClearFilesTask" . [(null)]
2017-04-10 11:44:04,149 [19] BntWeb.Task.BackgroundService - (null) - 后台任务执行完成 "BntWeb.Activity.Services.ActivityOperateTask" . [(null)]
2017-04-10 11:44:04,159 [12] BntWeb.Task.BackgroundService - (null) - 后台任务执行完成 "BntWeb.OrderProcess.Services.OrderProcessTask" . [(null)]
2017-04-10 11:45:04,089 [12] BntWeb.Task.BackgroundService - (null) - 开始执行后台任务 "BntWeb.Core.SystemSettings.Services.ClearFilesTask" . [(null)]
2017-04-10 11:45:04,089 [20] BntWeb.Task.BackgroundService - (null) - 开始执行后台任务 "BntWeb.Activity.Services.ActivityOperateTask" . [(null)]
2017-04-10 11:45:04,090 [5] BntWeb.Task.BackgroundService - (null) - 开始执行后台任务 "BntWeb.OrderProcess.Services.OrderProcessTask" . [(null)]
2017-04-10 11:45:04,089 [23] BntWeb.Task.BackgroundService - (null) - 开始执行后台任务 "BntWeb.Wallet.Services.WalletTask" . [(null)]
2017-04-10 11:45:04,089 [18] BntWeb.Task.BackgroundService - (null) - 开始执行后台任务 "BntWeb.Core.SystemSettings.Services.ClearLogsTask" . [(null)]
2017-04-10 11:45:04,132 [23] BntWeb.Task.BackgroundService - (null) - 后台任务执行完成 "BntWeb.Wallet.Services.WalletTask" . [(null)]
2017-04-10 11:45:04,134 [18] BntWeb.Task.BackgroundService - (null) - 后台任务执行完成 "BntWeb.Core.SystemSettings.Services.ClearLogsTask" . [(null)]
2017-04-10 11:45:04,148 [12] BntWeb.Task.BackgroundService - (null) - 后台任务执行完成 "BntWeb.Core.SystemSettings.Services.ClearFilesTask" . [(null)]
2017-04-10 11:45:04,153 [20] BntWeb.Task.BackgroundService - (null) - 后台任务执行完成 "BntWeb.Activity.Services.ActivityOperateTask" . [(null)]
2017-04-10 11:45:04,162 [5] BntWeb.Task.BackgroundService - (null) - 后台任务执行完成 "BntWeb.OrderProcess.Services.OrderProcessTask" . [(null)]
2017-04-10 11:46:04,105 [19] BntWeb.Task.BackgroundService - (null) - 开始执行后台任务 "BntWeb.Wallet.Services.WalletTask" . [(null)]
2017-04-10 11:46:04,105 [20] BntWeb.Task.BackgroundService - (null) - 开始执行后台任务 "BntWeb.Core.SystemSettings.Services.ClearFilesTask" . [(null)]
2017-04-10 11:46:04,107 [22] BntWeb.Task.BackgroundService - (null) - 开始执行后台任务 "BntWeb.OrderProcess.Services.OrderProcessTask" . [(null)]
2017-04-10 11:46:04,105 [23] BntWeb.Task.BackgroundService - (null) - 开始执行后台任务 "BntWeb.Activity.Services.ActivityOperateTask" . [(null)]
2017-04-10 11:46:04,105 [16] BntWeb.Task.BackgroundService - (null) - 开始执行后台任务 "BntWeb.Core.SystemSettings.Services.ClearLogsTask" . [(null)]
2017-04-10 11:46:04,153 [19] BntWeb.Task.BackgroundService - (null) - 后台任务执行完成 "BntWeb.Wallet.Services.WalletTask" . [(null)]
2017-04-10 11:46:04,159 [16] BntWeb.Task.BackgroundService - (null) - 后台任务执行完成 "BntWeb.Core.SystemSettings.Services.ClearLogsTask" . [(null)]
2017-04-10 11:46:04,171 [20] BntWeb.Task.BackgroundService - (null) - 后台任务执行完成 "BntWeb.Core.SystemSettings.Services.ClearFilesTask" . [(null)]
2017-04-10 11:46:04,183 [23] BntWeb.Task.BackgroundService - (null) - 后台任务执行完成 "BntWeb.Activity.Services.ActivityOperateTask" . [(null)]
2017-04-10 11:46:04,185 [22] BntWeb.Task.BackgroundService - (null) - 后台任务执行完成 "BntWeb.OrderProcess.Services.OrderProcessTask" . [(null)]
2017-04-10 11:47:04,107 [12] BntWeb.Task.BackgroundService - (null) - 开始执行后台任务 "BntWeb.Core.SystemSettings.Services.ClearFilesTask" . [(null)]
2017-04-10 11:47:04,109 [24] BntWeb.Task.BackgroundService - (null) - 开始执行后台任务 "BntWeb.OrderProcess.Services.OrderProcessTask" . [(null)]
2017-04-10 11:47:04,109 [22] BntWeb.Task.BackgroundService - (null) - 开始执行后台任务 "BntWeb.Activity.Services.ActivityOperateTask" . [(null)]
2017-04-10 11:47:04,107 [11] BntWeb.Task.BackgroundService - (null) - 开始执行后台任务 "BntWeb.Wallet.Services.WalletTask" . [(null)]
2017-04-10 11:47:04,107 [5] BntWeb.Task.BackgroundService - (null) - 开始执行后台任务 "BntWeb.Core.SystemSettings.Services.ClearLogsTask" . [(null)]
2017-04-10 11:47:04,162 [5] BntWeb.Task.BackgroundService - (null) - 后台任务执行完成 "BntWeb.Core.SystemSettings.Services.ClearLogsTask" . [(null)]
2017-04-10 11:47:04,166 [11] BntWeb.Task.BackgroundService - (null) - 后台任务执行完成 "BntWeb.Wallet.Services.WalletTask" . [(null)]
2017-04-10 11:47:04,181 [12] BntWeb.Task.BackgroundService - (null) - 后台任务执行完成 "BntWeb.Core.SystemSettings.Services.ClearFilesTask" . [(null)]
2017-04-10 11:47:04,197 [24] BntWeb.Task.BackgroundService - (null) - 后台任务执行完成 "BntWeb.OrderProcess.Services.OrderProcessTask" . [(null)]
2017-04-10 11:47:04,200 [22] BntWeb.Task.BackgroundService - (null) - 后台任务执行完成 "BntWeb.Activity.Services.ActivityOperateTask" . [(null)]
2017-04-10 11:48:04,121 [12] BntWeb.Task.BackgroundService - (null) - 开始执行后台任务 "BntWeb.Activity.Services.ActivityOperateTask" . [(null)]
2017-04-10 11:48:04,121 [11] BntWeb.Task.BackgroundService - (null) - 开始执行后台任务 "BntWeb.Core.SystemSettings.Services.ClearFilesTask" . [(null)]
2017-04-10 11:48:04,122 [19] BntWeb.Task.BackgroundService - (null) - 开始执行后台任务 "BntWeb.OrderProcess.Services.OrderProcessTask" . [(null)]
2017-04-10 11:48:04,121 [18] BntWeb.Task.BackgroundService - (null) - 开始执行后台任务 "BntWeb.Core.SystemSettings.Services.ClearLogsTask" . [(null)]
2017-04-10 11:48:04,121 [5] BntWeb.Task.BackgroundService - (null) - 开始执行后台任务 "BntWeb.Wallet.Services.WalletTask" . [(null)]
2017-04-10 11:48:04,174 [5] BntWeb.Task.BackgroundService - (null) - 后台任务执行完成 "BntWeb.Wallet.Services.WalletTask" . [(null)]
2017-04-10 11:48:04,184 [18] BntWeb.Task.BackgroundService - (null) - 后台任务执行完成 "BntWeb.Core.SystemSettings.Services.ClearLogsTask" . [(null)]
2017-04-10 11:48:04,202 [11] BntWeb.Task.BackgroundService - (null) - 后台任务执行完成 "BntWeb.Core.SystemSettings.Services.ClearFilesTask" . [(null)]
2017-04-10 11:48:04,227 [19] BntWeb.Task.BackgroundService - (null) - 后台任务执行完成 "BntWeb.OrderProcess.Services.OrderProcessTask" . [(null)]
2017-04-10 11:48:04,503 [12] BntWeb.Task.BackgroundService - (null) - 后台任务执行完成 "BntWeb.Activity.Services.ActivityOperateTask" . [(null)]
2017-04-10 11:49:04,123 [16] BntWeb.Task.BackgroundService - (null) - 开始执行后台任务 "BntWeb.Core.SystemSettings.Services.ClearFilesTask" . [(null)]
2017-04-10 11:49:04,123 [21] BntWeb.Task.BackgroundService - (null) - 开始执行后台任务 "BntWeb.Wallet.Services.WalletTask" . [(null)]
2017-04-10 11:49:04,123 [5] BntWeb.Task.BackgroundService - (null) - 开始执行后台任务 "BntWeb.OrderProcess.Services.OrderProcessTask" . [(null)]
2017-04-10 11:49:04,123 [20] BntWeb.Task.BackgroundService - (null) - 开始执行后台任务 "BntWeb.Core.SystemSettings.Services.ClearLogsTask" . [(null)]
2017-04-10 11:49:04,123 [23] BntWeb.Task.BackgroundService - (null) - 开始执行后台任务 "BntWeb.Activity.Services.ActivityOperateTask" . [(null)]
2017-04-10 11:49:04,170 [21] BntWeb.Task.BackgroundService - (null) - 后台任务执行完成 "BntWeb.Wallet.Services.WalletTask" . [(null)]
2017-04-10 11:49:04,170 [20] BntWeb.Task.BackgroundService - (null) - 后台任务执行完成 "BntWeb.Core.SystemSettings.Services.ClearLogsTask" . [(null)]
2017-04-10 11:49:04,217 [23] BntWeb.Task.BackgroundService - (null) - 后台任务执行完成 "BntWeb.Activity.Services.ActivityOperateTask" . [(null)]
2017-04-10 11:49:04,483 [16] BntWeb.Task.BackgroundService - (null) - 后台任务执行完成 "BntWeb.Core.SystemSettings.Services.ClearFilesTask" . [(null)]
2017-04-10 11:49:04,577 [5] BntWeb.Task.BackgroundService - (null) - 后台任务执行完成 "BntWeb.OrderProcess.Services.OrderProcessTask" . [(null)]
2017-04-10 11:50:04,126 [19] BntWeb.Task.BackgroundService - (null) - 开始执行后台任务 "BntWeb.Core.SystemSettings.Services.ClearFilesTask" . [(null)]
2017-04-10 11:50:04,126 [18] BntWeb.Task.BackgroundService - (null) - 开始执行后台任务 "BntWeb.Wallet.Services.WalletTask" . [(null)]
2017-04-10 11:50:04,126 [22] BntWeb.Task.BackgroundService - (null) - 开始执行后台任务 "BntWeb.OrderProcess.Services.OrderProcessTask" . [(null)]
2017-04-10 11:50:04,126 [24] BntWeb.Task.BackgroundService - (null) - 开始执行后台任务 "BntWeb.Activity.Services.ActivityOperateTask" . [(null)]
2017-04-10 11:50:04,126 [21] BntWeb.Task.BackgroundService - (null) - 开始执行后台任务 "BntWeb.Core.SystemSettings.Services.ClearLogsTask" . [(null)]
2017-04-10 11:50:04,173 [18] BntWeb.Task.BackgroundService - (null) - 后台任务执行完成 "BntWeb.Wallet.Services.WalletTask" . [(null)]
2017-04-10 11:50:04,189 [21] BntWeb.Task.BackgroundService - (null) - 后台任务执行完成 "BntWeb.Core.SystemSettings.Services.ClearLogsTask" . [(null)]
2017-04-10 11:50:04,204 [19] BntWeb.Task.BackgroundService - (null) - 后台任务执行完成 "BntWeb.Core.SystemSettings.Services.ClearFilesTask" . [(null)]
2017-04-10 11:50:04,220 [24] BntWeb.Task.BackgroundService - (null) - 后台任务执行完成 "BntWeb.Activity.Services.ActivityOperateTask" . [(null)]
2017-04-10 11:50:05,880 [22] BntWeb.Task.BackgroundService - (null) - 后台任务执行完成 "BntWeb.OrderProcess.Services.OrderProcessTask" . [(null)]
2017-04-10 11:51:04,137 [21] BntWeb.Task.BackgroundService - (null) - 开始执行后台任务 "BntWeb.Core.SystemSettings.Services.ClearFilesTask" . [(null)]
2017-04-10 11:51:04,137 [18] BntWeb.Task.BackgroundService - (null) - 开始执行后台任务 "BntWeb.Wallet.Services.WalletTask" . [(null)]
2017-04-10 11:51:04,140 [26] BntWeb.Task.BackgroundService - (null) - 开始执行后台任务 "BntWeb.OrderProcess.Services.OrderProcessTask" . [(null)]
2017-04-10 11:51:04,138 [24] BntWeb.Task.BackgroundService - (null) - 开始执行后台任务 "BntWeb.Activity.Services.ActivityOperateTask" . [(null)]
2017-04-10 11:51:04,138 [19] BntWeb.Task.BackgroundService - (null) - 开始执行后台任务 "BntWeb.Core.SystemSettings.Services.ClearLogsTask" . [(null)]
2017-04-10 11:51:04,189 [18] BntWeb.Task.BackgroundService - (null) - 后台任务执行完成 "BntWeb.Wallet.Services.WalletTask" . [(null)]
2017-04-10 11:51:04,221 [19] BntWeb.Task.BackgroundService - (null) - 后台任务执行完成 "BntWeb.Core.SystemSettings.Services.ClearLogsTask" . [(null)]
2017-04-10 11:51:04,492 [21] BntWeb.Task.BackgroundService - (null) - 后台任务执行完成 "BntWeb.Core.SystemSettings.Services.ClearFilesTask" . [(null)]
2017-04-10 11:51:04,524 [24] BntWeb.Task.BackgroundService - (null) - 后台任务执行完成 "BntWeb.Activity.Services.ActivityOperateTask" . [(null)]
2017-04-10 11:51:04,616 [26] BntWeb.Task.BackgroundService - (null) - 后台任务执行完成 "BntWeb.OrderProcess.Services.OrderProcessTask" . [(null)]
2017-04-10 11:52:04,138 [19] BntWeb.Task.BackgroundService - (null) - 开始执行后台任务 "BntWeb.Wallet.Services.WalletTask" . [(null)]
2017-04-10 11:52:04,138 [21] BntWeb.Task.BackgroundService - (null) - 开始执行后台任务 "BntWeb.Core.SystemSettings.Services.ClearLogsTask" . [(null)]
2017-04-10 11:52:04,138 [18] BntWeb.Task.BackgroundService - (null) - 开始执行后台任务 "BntWeb.Core.SystemSettings.Services.ClearFilesTask" . [(null)]
2017-04-10 11:52:04,139 [26] BntWeb.Task.BackgroundService - (null) - 开始执行后台任务 "BntWeb.Activity.Services.ActivityOperateTask" . [(null)]
2017-04-10 11:52:04,189 [19] BntWeb.Task.BackgroundService - (null) - 后台任务执行完成 "BntWeb.Wallet.Services.WalletTask" . [(null)]
2017-04-10 11:52:04,190 [19] BntWeb.Task.BackgroundService - (null) - 开始执行后台任务 "BntWeb.OrderProcess.Services.OrderProcessTask" . [(null)]
2017-04-10 11:52:04,195 [21] BntWeb.Task.BackgroundService - (null) - 后台任务执行完成 "BntWeb.Core.SystemSettings.Services.ClearLogsTask" . [(null)]
2017-04-10 11:52:04,224 [26] BntWeb.Task.BackgroundService - (null) - 后台任务执行完成 "BntWeb.Activity.Services.ActivityOperateTask" . [(null)]
2017-04-10 11:52:04,275 [19] BntWeb.Task.BackgroundService - (null) - 后台任务执行完成 "BntWeb.OrderProcess.Services.OrderProcessTask" . [(null)]
2017-04-10 11:52:04,506 [18] BntWeb.Task.BackgroundService - (null) - 后台任务执行完成 "BntWeb.Core.SystemSettings.Services.ClearFilesTask" . [(null)]
2017-04-10 11:53:04,153 [26] BntWeb.Task.BackgroundService - (null) - 开始执行后台任务 "BntWeb.Core.SystemSettings.Services.ClearLogsTask" . [(null)]
2017-04-10 11:53:04,153 [27] BntWeb.Task.BackgroundService - (null) - 开始执行后台任务 "BntWeb.Wallet.Services.WalletTask" . [(null)]
2017-04-10 11:53:04,153 [18] BntWeb.Task.BackgroundService - (null) - 开始执行后台任务 "BntWeb.Core.SystemSettings.Services.ClearFilesTask" . [(null)]
2017-04-10 11:53:04,153 [19] BntWeb.Task.BackgroundService - (null) - 开始执行后台任务 "BntWeb.Activity.Services.ActivityOperateTask" . [(null)]
2017-04-10 11:53:04,154 [21] BntWeb.Task.BackgroundService - (null) - 开始执行后台任务 "BntWeb.OrderProcess.Services.OrderProcessTask" . [(null)]
2017-04-10 11:53:04,213 [27] BntWeb.Task.BackgroundService - (null) - 后台任务执行完成 "BntWeb.Wallet.Services.WalletTask" . [(null)]
2017-04-10 11:53:04,214 [26] BntWeb.Task.BackgroundService - (null) - 后台任务执行完成 "BntWeb.Core.SystemSettings.Services.ClearLogsTask" . [(null)]
2017-04-10 11:53:04,228 [18] BntWeb.Task.BackgroundService - (null) - 后台任务执行完成 "BntWeb.Core.SystemSettings.Services.ClearFilesTask" . [(null)]
2017-04-10 11:53:04,683 [21] BntWeb.Task.BackgroundService - (null) - 后台任务执行完成 "BntWeb.OrderProcess.Services.OrderProcessTask" . [(null)]
2017-04-10 11:53:05,450 [19] BntWeb.Task.BackgroundService - (null) - 后台任务执行完成 "BntWeb.Activity.Services.ActivityOperateTask" . [(null)]
2017-04-10 11:54:04,166 [26] BntWeb.Task.BackgroundService - (null) - 开始执行后台任务 "BntWeb.Wallet.Services.WalletTask" . [(null)]
2017-04-10 11:54:04,169 [18] BntWeb.Task.BackgroundService - (null) - 开始执行后台任务 "BntWeb.Activity.Services.ActivityOperateTask" . [(null)]
2017-04-10 11:54:04,168 [27] BntWeb.Task.BackgroundService - (null) - 开始执行后台任务 "BntWeb.Core.SystemSettings.Services.ClearLogsTask" . [(null)]
2017-04-10 11:54:04,166 [21] BntWeb.Task.BackgroundService - (null) - 开始执行后台任务 "BntWeb.Core.SystemSettings.Services.ClearFilesTask" . [(null)]
2017-04-10 11:54:04,239 [21] BntWeb.Task.BackgroundService - (null) - 后台任务执行完成 "BntWeb.Core.SystemSettings.Services.ClearFilesTask" . [(null)]
2017-04-10 11:54:04,240 [21] BntWeb.Task.BackgroundService - (null) - 开始执行后台任务 "BntWeb.OrderProcess.Services.OrderProcessTask" . [(null)]
2017-04-10 11:54:04,533 [26] BntWeb.Task.BackgroundService - (null) - 后台任务执行完成 "BntWeb.Wallet.Services.WalletTask" . [(null)]
2017-04-10 11:54:04,756 [21] BntWeb.Task.BackgroundService - (null) - 后台任务执行完成 "BntWeb.OrderProcess.Services.OrderProcessTask" . [(null)]
2017-04-10 11:54:05,434 [27] BntWeb.Task.BackgroundService - (null) - 后台任务执行完成 "BntWeb.Core.SystemSettings.Services.ClearLogsTask" . [(null)]
2017-04-10 11:54:05,467 [18] BntWeb.Task.BackgroundService - (null) - 后台任务执行完成 "BntWeb.Activity.Services.ActivityOperateTask" . [(null)]
2017-04-10 11:55:04,168 [21] BntWeb.Task.BackgroundService - (null) - 开始执行后台任务 "BntWeb.Core.SystemSettings.Services.ClearFilesTask" . [(null)]
2017-04-10 11:55:04,168 [18] BntWeb.Task.BackgroundService - (null) - 开始执行后台任务 "BntWeb.Wallet.Services.WalletTask" . [(null)]
2017-04-10 11:55:04,169 [27] BntWeb.Task.BackgroundService - (null) - 开始执行后台任务 "BntWeb.OrderProcess.Services.OrderProcessTask" . [(null)]
2017-04-10 11:55:04,168 [31] BntWeb.Task.BackgroundService - (null) - 开始执行后台任务 "BntWeb.Activity.Services.ActivityOperateTask" . [(null)]
2017-04-10 11:55:04,168 [26] BntWeb.Task.BackgroundService - (null) - 开始执行后台任务 "BntWeb.Core.SystemSettings.Services.ClearLogsTask" . [(null)]
2017-04-10 11:55:04,239 [21] BntWeb.Task.BackgroundService - (null) - 后台任务执行完成 "BntWeb.Core.SystemSettings.Services.ClearFilesTask" . [(null)]
2017-04-10 11:55:04,526 [18] BntWeb.Task.BackgroundService - (null) - 后台任务执行完成 "BntWeb.Wallet.Services.WalletTask" . [(null)]
2017-04-10 11:55:05,130 [26] BntWeb.Task.BackgroundService - (null) - 后台任务执行完成 "BntWeb.Core.SystemSettings.Services.ClearLogsTask" . [(null)]
2017-04-10 11:55:08,725 [27] BntWeb.Task.BackgroundService - (null) - 后台任务执行完成 "BntWeb.OrderProcess.Services.OrderProcessTask" . [(null)]
2017-04-10 11:55:13,045 [31] BntWeb.Task.BackgroundService - (null) - 后台任务执行完成 "BntWeb.Activity.Services.ActivityOperateTask" . [(null)]
2017-04-10 11:56:04,167 [18] BntWeb.Task.BackgroundService - (null) - 开始执行后台任务 "BntWeb.Wallet.Services.WalletTask" . [(null)]
2017-04-10 11:56:04,168 [26] BntWeb.Task.BackgroundService - (null) - 开始执行后台任务 "BntWeb.Activity.Services.ActivityOperateTask" . [(null)]
2017-04-10 11:56:04,169 [29] BntWeb.Task.BackgroundService - (null) - 开始执行后台任务 "BntWeb.OrderProcess.Services.OrderProcessTask" . [(null)]
2017-04-10 11:56:04,168 [27] BntWeb.Task.BackgroundService - (null) - 开始执行后台任务 "BntWeb.Core.SystemSettings.Services.ClearFilesTask" . [(null)]
2017-04-10 11:56:04,167 [31] BntWeb.Task.BackgroundService - (null) - 开始执行后台任务 "BntWeb.Core.SystemSettings.Services.ClearLogsTask" . [(null)]
2017-04-10 11:56:04,215 [18] BntWeb.Task.BackgroundService - (null) - 后台任务执行完成 "BntWeb.Wallet.Services.WalletTask" . [(null)]
2017-04-10 11:56:04,519 [31] BntWeb.Task.BackgroundService - (null) - 后台任务执行完成 "BntWeb.Core.SystemSettings.Services.ClearLogsTask" . [(null)]
2017-04-10 11:56:05,062 [29] BntWeb.Task.BackgroundService - (null) - 后台任务执行完成 "BntWeb.OrderProcess.Services.OrderProcessTask" . [(null)]
2017-04-10 11:56:05,159 [26] BntWeb.Task.BackgroundService - (null) - 后台任务执行完成 "BntWeb.Activity.Services.ActivityOperateTask" . [(null)]
2017-04-10 11:56:24,040 [27] BntWeb.Task.BackgroundService - (null) - 后台任务执行完成 "BntWeb.Core.SystemSettings.Services.ClearFilesTask" . [(null)]
2017-04-10 11:57:04,168 [18] BntWeb.Task.BackgroundService - (null) - 开始执行后台任务 "BntWeb.Activity.Services.ActivityOperateTask" . [(null)]
2017-04-10 11:57:04,168 [26] BntWeb.Task.BackgroundService - (null) - 开始执行后台任务 "BntWeb.Core.SystemSettings.Services.ClearLogsTask" . [(null)]
2017-04-10 11:57:04,168 [29] BntWeb.Task.BackgroundService - (null) - 开始执行后台任务 "BntWeb.Wallet.Services.WalletTask" . [(null)]
2017-04-10 11:57:04,168 [31] BntWeb.Task.BackgroundService - (null) - 开始执行后台任务 "BntWeb.Core.SystemSettings.Services.ClearFilesTask" . [(null)]
2017-04-10 11:57:04,225 [29] BntWeb.Task.BackgroundService - (null) - 后台任务执行完成 "BntWeb.Wallet.Services.WalletTask" . [(null)]
2017-04-10 11:57:04,227 [29] BntWeb.Task.BackgroundService - (null) - 开始执行后台任务 "BntWeb.OrderProcess.Services.OrderProcessTask" . [(null)]
2017-04-10 11:57:04,245 [31] BntWeb.Task.BackgroundService - (null) - 后台任务执行完成 "BntWeb.Core.SystemSettings.Services.ClearFilesTask" . [(null)]
2017-04-10 11:57:04,521 [26] BntWeb.Task.BackgroundService - (null) - 后台任务执行完成 "BntWeb.Core.SystemSettings.Services.ClearLogsTask" . [(null)]
2017-04-10 11:57:05,455 [18] BntWeb.Task.BackgroundService - (null) - 后台任务执行完成 "BntWeb.Activity.Services.ActivityOperateTask" . [(null)]
2017-04-10 11:57:06,321 [29] BntWeb.Task.BackgroundService - (null) - 后台任务执行完成 "BntWeb.OrderProcess.Services.OrderProcessTask" . [(null)]
2017-04-10 11:58:04,184 [29] BntWeb.Task.BackgroundService - (null) - 开始执行后台任务 "BntWeb.Core.SystemSettings.Services.ClearFilesTask" . [(null)]
2017-04-10 11:58:04,184 [26] BntWeb.Task.BackgroundService - (null) - 开始执行后台任务 "BntWeb.Core.SystemSettings.Services.ClearLogsTask" . [(null)]
2017-04-10 11:58:04,184 [18] BntWeb.Task.BackgroundService - (null) - 开始执行后台任务 "BntWeb.Wallet.Services.WalletTask" . [(null)]
2017-04-10 11:58:04,184 [33] BntWeb.Task.BackgroundService - (null) - 开始执行后台任务 "BntWeb.OrderProcess.Services.OrderProcessTask" . [(null)]
2017-04-10 11:58:04,184 [32] BntWeb.Task.BackgroundService - (null) - 开始执行后台任务 "BntWeb.Activity.Services.ActivityOperateTask" . [(null)]
2017-04-10 11:58:04,238 [18] BntWeb.Task.BackgroundService - (null) - 后台任务执行完成 "BntWeb.Wallet.Services.WalletTask" . [(null)]
2017-04-10 11:58:04,252 [29] BntWeb.Task.BackgroundService - (null) - 后台任务执行完成 "BntWeb.Core.SystemSettings.Services.ClearFilesTask" . [(null)]
2017-04-10 11:58:04,285 [32] BntWeb.Task.BackgroundService - (null) - 后台任务执行完成 "BntWeb.Activity.Services.ActivityOperateTask" . [(null)]
2017-04-10 11:58:05,134 [26] BntWeb.Task.BackgroundService - (null) - 后台任务执行完成 "BntWeb.Core.SystemSettings.Services.ClearLogsTask" . [(null)]
2017-04-10 11:58:05,674 [33] BntWeb.Task.BackgroundService - (null) - 后台任务执行完成 "BntWeb.OrderProcess.Services.OrderProcessTask" . [(null)]
2017-04-10 11:59:04,185 [31] BntWeb.Task.BackgroundService - (null) - 开始执行后台任务 "BntWeb.Core.SystemSettings.Services.ClearLogsTask" . [(null)]
2017-04-10 11:59:04,185 [26] BntWeb.Task.BackgroundService - (null) - 开始执行后台任务 "BntWeb.Activity.Services.ActivityOperateTask" . [(null)]
2017-04-10 11:59:04,185 [18] BntWeb.Task.BackgroundService - (null) - 开始执行后台任务 "BntWeb.Wallet.Services.WalletTask" . [(null)]
2017-04-10 11:59:04,185 [32] BntWeb.Task.BackgroundService - (null) - 开始执行后台任务 "BntWeb.Core.SystemSettings.Services.ClearFilesTask" . [(null)]
2017-04-10 11:59:04,235 [18] BntWeb.Task.BackgroundService - (null) - 后台任务执行完成 "BntWeb.Wallet.Services.WalletTask" . [(null)]
2017-04-10 11:59:04,236 [18] BntWeb.Task.BackgroundService - (null) - 开始执行后台任务 "BntWeb.OrderProcess.Services.OrderProcessTask" . [(null)]
2017-04-10 11:59:04,236 [31] BntWeb.Task.BackgroundService - (null) - 后台任务执行完成 "BntWeb.Core.SystemSettings.Services.ClearLogsTask" . [(null)]
2017-04-10 11:59:04,561 [32] BntWeb.Task.BackgroundService - (null) - 后台任务执行完成 "BntWeb.Core.SystemSettings.Services.ClearFilesTask" . [(null)]
2017-04-10 11:59:06,388 [26] BntWeb.Task.BackgroundService - (null) - 后台任务执行完成 "BntWeb.Activity.Services.ActivityOperateTask" . [(null)]
2017-04-10 11:59:07,460 [18] BntWeb.Task.BackgroundService - (null) - 后台任务执行完成 "BntWeb.OrderProcess.Services.OrderProcessTask" . [(null)]
2017-04-10 12:00:04,198 [18] BntWeb.Task.BackgroundService - (null) - 开始执行后台任务 "BntWeb.Core.SystemSettings.Services.ClearFilesTask" . [(null)]
2017-04-10 12:00:04,198 [26] BntWeb.Task.BackgroundService - (null) - 开始执行后台任务 "BntWeb.Wallet.Services.WalletTask" . [(null)]
2017-04-10 12:00:04,199 [34] BntWeb.Task.BackgroundService - (null) - 开始执行后台任务 "BntWeb.Core.SystemSettings.Services.ClearLogsTask" . [(null)]
2017-04-10 12:00:04,198 [35] BntWeb.Task.BackgroundService - (null) - 开始执行后台任务 "BntWeb.Activity.Services.ActivityOperateTask" . [(null)]
2017-04-10 12:00:04,201 [31] BntWeb.Task.BackgroundService - (null) - 开始执行后台任务 "BntWeb.OrderProcess.Services.OrderProcessTask" . [(null)]
2017-04-10 12:00:04,254 [26] BntWeb.Task.BackgroundService - (null) - 后台任务执行完成 "BntWeb.Wallet.Services.WalletTask" . [(null)]
2017-04-10 12:00:04,309 [31] BntWeb.Task.BackgroundService - (null) - 后台任务执行完成 "BntWeb.OrderProcess.Services.OrderProcessTask" . [(null)]
2017-04-10 12:00:04,553 [34] BntWeb.Task.BackgroundService - (null) - 后台任务执行完成 "BntWeb.Core.SystemSettings.Services.ClearLogsTask" . [(null)]
2017-04-10 12:00:04,568 [18] BntWeb.Task.BackgroundService - (null) - 后台任务执行完成 "BntWeb.Core.SystemSettings.Services.ClearFilesTask" . [(null)]
2017-04-10 12:00:08,488 [35] BntWeb.Task.BackgroundService - (null) - 后台任务执行完成 "BntWeb.Activity.Services.ActivityOperateTask" . [(null)]
2017-04-10 12:01:04,199 [31] BntWeb.Task.BackgroundService - (null) - 开始执行后台任务 "BntWeb.Wallet.Services.WalletTask" . [(null)]
2017-04-10 12:01:04,201 [35] BntWeb.Task.BackgroundService - (null) - 开始执行后台任务 "BntWeb.Core.SystemSettings.Services.ClearLogsTask" . [(null)]
2017-04-10 12:01:04,199 [18] BntWeb.Task.BackgroundService - (null) - 开始执行后台任务 "BntWeb.Activity.Services.ActivityOperateTask" . [(null)]
2017-04-10 12:01:04,199 [34] BntWeb.Task.BackgroundService - (null) - 开始执行后台任务 "BntWeb.Core.SystemSettings.Services.ClearFilesTask" . [(null)]
2017-04-10 12:01:04,252 [31] BntWeb.Task.BackgroundService - (null) - 后台任务执行完成 "BntWeb.Wallet.Services.WalletTask" . [(null)]
2017-04-10 12:01:04,253 [31] BntWeb.Task.BackgroundService - (null) - 开始执行后台任务 "BntWeb.OrderProcess.Services.OrderProcessTask" . [(null)]
2017-04-10 12:01:04,257 [35] BntWeb.Task.BackgroundService - (null) - 后台任务执行完成 "BntWeb.Core.SystemSettings.Services.ClearLogsTask" . [(null)]
2017-04-10 12:01:04,274 [34] BntWeb.Task.BackgroundService - (null) - 后台任务执行完成 "BntWeb.Core.SystemSettings.Services.ClearFilesTask" . [(null)]
2017-04-10 12:01:04,298 [18] BntWeb.Task.BackgroundService - (null) - 后台任务执行完成 "BntWeb.Activity.Services.ActivityOperateTask" . [(null)]
2017-04-10 12:01:04,784 [31] BntWeb.Task.BackgroundService - (null) - 后台任务执行完成 "BntWeb.OrderProcess.Services.OrderProcessTask" . [(null)]
2017-04-10 12:02:04,198 [34] BntWeb.Task.BackgroundService - (null) - 开始执行后台任务 "BntWeb.Core.SystemSettings.Services.ClearLogsTask" . [(null)]
2017-04-10 12:02:04,198 [18] BntWeb.Task.BackgroundService - (null) - 开始执行后台任务 "BntWeb.Activity.Services.ActivityOperateTask" . [(null)]
2017-04-10 12:02:04,198 [36] BntWeb.Task.BackgroundService - (null) - 开始执行后台任务 "BntWeb.Core.SystemSettings.Services.ClearFilesTask" . [(null)]
2017-04-10 12:02:04,199 [35] BntWeb.Task.BackgroundService - (null) - 开始执行后台任务 "BntWeb.Wallet.Services.WalletTask" . [(null)]
2017-04-10 12:02:04,198 [8] BntWeb.Task.BackgroundService - (null) - 开始执行后台任务 "BntWeb.OrderProcess.Services.OrderProcessTask" . [(null)]
2017-04-10 12:02:04,252 [34] BntWeb.Task.BackgroundService - (null) - 后台任务执行完成 "BntWeb.Core.SystemSettings.Services.ClearLogsTask" . [(null)]
2017-04-10 12:02:04,254 [35] BntWeb.Task.BackgroundService - (null) - 后台任务执行完成 "BntWeb.Wallet.Services.WalletTask" . [(null)]
2017-04-10 12:02:04,309 [8] BntWeb.Task.BackgroundService - (null) - 后台任务执行完成 "BntWeb.OrderProcess.Services.OrderProcessTask" . [(null)]
2017-04-10 12:02:04,573 [36] BntWeb.Task.BackgroundService - (null) - 后台任务执行完成 "BntWeb.Core.SystemSettings.Services.ClearFilesTask" . [(null)]
2017-04-10 12:02:04,586 [18] BntWeb.Task.BackgroundService - (null) - 后台任务执行完成 "BntWeb.Activity.Services.ActivityOperateTask" . [(null)]
2017-04-10 12:03:04,198 [18] BntWeb.Task.BackgroundService - (null) - 开始执行后台任务 "BntWeb.Core.SystemSettings.Services.ClearFilesTask" . [(null)]
2017-04-10 12:03:04,198 [36] BntWeb.Task.BackgroundService - (null) - 开始执行后台任务 "BntWeb.Core.SystemSettings.Services.ClearLogsTask" . [(null)]
2017-04-10 12:03:04,198 [8] BntWeb.Task.BackgroundService - (null) - 开始执行后台任务 "BntWeb.Wallet.Services.WalletTask" . [(null)]
2017-04-10 12:03:04,199 [35] BntWeb.Task.BackgroundService - (null) - 开始执行后台任务 "BntWeb.Activity.Services.ActivityOperateTask" . [(null)]
2017-04-10 12:03:04,247 [8] BntWeb.Task.BackgroundService - (null) - 后台任务执行完成 "BntWeb.Wallet.Services.WalletTask" . [(null)]
2017-04-10 12:03:04,249 [8] BntWeb.Task.BackgroundService - (null) - 开始执行后台任务 "BntWeb.OrderProcess.Services.OrderProcessTask" . [(null)]
2017-04-10 12:03:04,285 [35] BntWeb.Task.BackgroundService - (null) - 后台任务执行完成 "BntWeb.Activity.Services.ActivityOperateTask" . [(null)]
2017-04-10 12:03:04,350 [8] BntWeb.Task.BackgroundService - (null) - 后台任务执行完成 "BntWeb.OrderProcess.Services.OrderProcessTask" . [(null)]
2017-04-10 12:03:04,554 [36] BntWeb.Task.BackgroundService - (null) - 后台任务执行完成 "BntWeb.Core.SystemSettings.Services.ClearLogsTask" . [(null)]
2017-04-10 12:03:04,579 [18] BntWeb.Task.BackgroundService - (null) - 后台任务执行完成 "BntWeb.Core.SystemSettings.Services.ClearFilesTask" . [(null)]
2017-04-10 12:04:04,199 [35] BntWeb.Task.BackgroundService - (null) - 开始执行后台任务 "BntWeb.Core.SystemSettings.Services.ClearFilesTask" . [(null)]
2017-04-10 12:04:04,199 [8] BntWeb.Task.BackgroundService - (null) - 开始执行后台任务 "BntWeb.Wallet.Services.WalletTask" . [(null)]
2017-04-10 12:04:04,199 [40] BntWeb.Task.BackgroundService - (null) - 开始执行后台任务 "BntWeb.Activity.Services.ActivityOperateTask" . [(null)]
2017-04-10 12:04:04,199 [39] BntWeb.Task.BackgroundService - (null) - 开始执行后台任务 "BntWeb.OrderProcess.Services.OrderProcessTask" . [(null)]
2017-04-10 12:04:04,199 [38] BntWeb.Task.BackgroundService - (null) - 开始执行后台任务 "BntWeb.Core.SystemSettings.Services.ClearLogsTask" . [(null)]
2017-04-10 12:04:04,254 [38] BntWeb.Task.BackgroundService - (null) - 后台任务执行完成 "BntWeb.Core.SystemSettings.Services.ClearLogsTask" . [(null)]
2017-04-10 12:04:04,268 [35] BntWeb.Task.BackgroundService - (null) - 后台任务执行完成 "BntWeb.Core.SystemSettings.Services.ClearFilesTask" . [(null)]
2017-04-10 12:04:04,547 [8] BntWeb.Task.BackgroundService - (null) - 后台任务执行完成 "BntWeb.Wallet.Services.WalletTask" . [(null)]
2017-04-10 12:04:04,587 [40] BntWeb.Task.BackgroundService - (null) - 后台任务执行完成 "BntWeb.Activity.Services.ActivityOperateTask" . [(null)]
2017-04-10 12:04:04,729 [39] BntWeb.Task.BackgroundService - (null) - 后台任务执行完成 "BntWeb.OrderProcess.Services.OrderProcessTask" . [(null)]
2017-04-10 12:05:04,215 [35] BntWeb.Task.BackgroundService - (null) - 开始执行后台任务 "BntWeb.Wallet.Services.WalletTask" . [(null)]
2017-04-10 12:05:04,215 [18] BntWeb.Task.BackgroundService - (null) - 开始执行后台任务 "BntWeb.Activity.Services.ActivityOperateTask" . [(null)]
2017-04-10 12:05:04,215 [39] BntWeb.Task.BackgroundService - (null) - 开始执行后台任务 "BntWeb.Core.SystemSettings.Services.ClearFilesTask" . [(null)]
2017-04-10 12:05:04,215 [40] BntWeb.Task.BackgroundService - (null) - 开始执行后台任务 "BntWeb.Core.SystemSettings.Services.ClearLogsTask" . [(null)]
2017-04-10 12:05:04,265 [35] BntWeb.Task.BackgroundService - (null) - 后台任务执行完成 "BntWeb.Wallet.Services.WalletTask" . [(null)]
2017-04-10 12:05:04,266 [40] BntWeb.Task.BackgroundService - (null) - 后台任务执行完成 "BntWeb.Core.SystemSettings.Services.ClearLogsTask" . [(null)]
2017-04-10 12:05:04,266 [35] BntWeb.Task.BackgroundService - (null) - 开始执行后台任务 "BntWeb.OrderProcess.Services.OrderProcessTask" . [(null)]
2017-04-10 12:05:04,283 [39] BntWeb.Task.BackgroundService - (null) - 后台任务执行完成 "BntWeb.Core.SystemSettings.Services.ClearFilesTask" . [(null)]
2017-04-10 12:05:04,306 [18] BntWeb.Task.BackgroundService - (null) - 后台任务执行完成 "BntWeb.Activity.Services.ActivityOperateTask" . [(null)]
2017-04-10 12:05:04,358 [35] BntWeb.Task.BackgroundService - (null) - 后台任务执行完成 "BntWeb.OrderProcess.Services.OrderProcessTask" . [(null)]
2017-04-10 12:06:04,215 [18] BntWeb.Task.BackgroundService - (null) - 开始执行后台任务 "BntWeb.Core.SystemSettings.Services.ClearLogsTask" . [(null)]
2017-04-10 12:06:04,215 [40] BntWeb.Task.BackgroundService - (null) - 开始执行后台任务 "BntWeb.Core.SystemSettings.Services.ClearFilesTask" . [(null)]
2017-04-10 12:06:04,215 [43] BntWeb.Task.BackgroundService - (null) - 开始执行后台任务 "BntWeb.OrderProcess.Services.OrderProcessTask" . [(null)]
2017-04-10 12:06:04,215 [39] BntWeb.Task.BackgroundService - (null) - 开始执行后台任务 "BntWeb.Wallet.Services.WalletTask" . [(null)]
2017-04-10 12:06:04,215 [42] BntWeb.Task.BackgroundService - (null) - 开始执行后台任务 "BntWeb.Activity.Services.ActivityOperateTask" . [(null)]
2017-04-10 12:06:04,264 [39] BntWeb.Task.BackgroundService - (null) - 后台任务执行完成 "BntWeb.Wallet.Services.WalletTask" . [(null)]
2017-04-10 12:06:04,278 [40] BntWeb.Task.BackgroundService - (null) - 后台任务执行完成 "BntWeb.Core.SystemSettings.Services.ClearFilesTask" . [(null)]
2017-04-10 12:06:04,299 [42] BntWeb.Task.BackgroundService - (null) - 后台任务执行完成 "BntWeb.Activity.Services.ActivityOperateTask" . [(null)]
2017-04-10 12:06:04,561 [18] BntWeb.Task.BackgroundService - (null) - 后台任务执行完成 "BntWeb.Core.SystemSettings.Services.ClearLogsTask" . [(null)]
2017-04-10 12:06:04,737 [43] BntWeb.Task.BackgroundService - (null) - 后台任务执行完成 "BntWeb.OrderProcess.Services.OrderProcessTask" . [(null)]
2017-04-10 12:07:04,230 [18] BntWeb.Task.BackgroundService - (null) - 开始执行后台任务 "BntWeb.Wallet.Services.WalletTask" . [(null)]
2017-04-10 12:07:04,230 [43] BntWeb.Task.BackgroundService - (null) - 开始执行后台任务 "BntWeb.Core.SystemSettings.Services.ClearFilesTask" . [(null)]
2017-04-10 12:07:04,230 [42] BntWeb.Task.BackgroundService - (null) - 开始执行后台任务 "BntWeb.Core.SystemSettings.Services.ClearLogsTask" . [(null)]
2017-04-10 12:07:04,230 [35] BntWeb.Task.BackgroundService - (null) - 开始执行后台任务 "BntWeb.Activity.Services.ActivityOperateTask" . [(null)]
2017-04-10 12:07:04,282 [18] BntWeb.Task.BackgroundService - (null) - 后台任务执行完成 "BntWeb.Wallet.Services.WalletTask" . [(null)]
2017-04-10 12:07:04,283 [18] BntWeb.Task.BackgroundService - (null) - 开始执行后台任务 "BntWeb.OrderProcess.Services.OrderProcessTask" . [(null)]
2017-04-10 12:07:04,303 [43] BntWeb.Task.BackgroundService - (null) - 后台任务执行完成 "BntWeb.Core.SystemSettings.Services.ClearFilesTask" . [(null)]
2017-04-10 12:07:04,316 [35] BntWeb.Task.BackgroundService - (null) - 后台任务执行完成 "BntWeb.Activity.Services.ActivityOperateTask" . [(null)]
2017-04-10 12:07:04,587 [42] BntWeb.Task.BackgroundService - (null) - 后台任务执行完成 "BntWeb.Core.SystemSettings.Services.ClearLogsTask" . [(null)]
2017-04-10 12:07:04,669 [18] BntWeb.Task.BackgroundService - (null) - 后台任务执行完成 "BntWeb.OrderProcess.Services.OrderProcessTask" . [(null)]
2017-04-10 12:08:04,245 [35] BntWeb.Task.BackgroundService - (null) - 开始执行后台任务 "BntWeb.Wallet.Services.WalletTask" . [(null)]
2017-04-10 12:08:04,245 [47] BntWeb.Task.BackgroundService - (null) - 开始执行后台任务 "BntWeb.Core.SystemSettings.Services.ClearFilesTask" . [(null)]
2017-04-10 12:08:04,245 [42] BntWeb.Task.BackgroundService - (null) - 开始执行后台任务 "BntWeb.OrderProcess.Services.OrderProcessTask" . [(null)]
2017-04-10 12:08:04,245 [45] BntWeb.Task.BackgroundService - (null) - 开始执行后台任务 "BntWeb.Activity.Services.ActivityOperateTask" . [(null)]
2017-04-10 12:08:04,245 [18] BntWeb.Task.BackgroundService - (null) - 开始执行后台任务 "BntWeb.Core.SystemSettings.Services.ClearLogsTask" . [(null)]
2017-04-10 12:08:04,295 [35] BntWeb.Task.BackgroundService - (null) - 后台任务执行完成 "BntWeb.Wallet.Services.WalletTask" . [(null)]
2017-04-10 12:08:04,297 [18] BntWeb.Task.BackgroundService - (null) - 后台任务执行完成 "BntWeb.Core.SystemSettings.Services.ClearLogsTask" . [(null)]
2017-04-10 12:08:04,308 [47] BntWeb.Task.BackgroundService - (null) - 后台任务执行完成 "BntWeb.Core.SystemSettings.Services.ClearFilesTask" . [(null)]
2017-04-10 12:08:04,336 [45] BntWeb.Task.BackgroundService - (null) - 后台任务执行完成 "BntWeb.Activity.Services.ActivityOperateTask" . [(null)]
2017-04-10 12:08:04,654 [42] BntWeb.Task.BackgroundService - (null) - 后台任务执行完成 "BntWeb.OrderProcess.Services.OrderProcessTask" . [(null)]
