2017-04-27 12:08:46,518 [7] BntWeb.Environment.DefaultBntWebHost - (null) - Initializing [(null)]
2017-04-27 12:08:46,520 [7] BntWeb.Environment.DefaultBntWebHost - (null) - Start creation of shells [(null)]
2017-04-27 12:08:46,530 [7] BntWeb.Environment.DefaultBntWebShell - (null) - 成功加载模块系统:System [(null)]
2017-04-27 12:08:46,530 [7] BntWeb.Environment.DefaultBntWebShell - (null) - 成功加载模块后台用户:Core-SystemUsers [(null)]
2017-04-27 12:08:46,531 [7] BntWeb.Environment.DefaultBntWebShell - (null) - 成功加载模块系统管理:Core-SystemSettings [(null)]
2017-04-27 12:08:46,531 [7] BntWeb.Environment.DefaultBntWebShell - (null) - 成功加载模块系统错误:Core-Error [(null)]
2017-04-27 12:08:46,532 [7] BntWeb.Environment.DefaultBntWebShell - (null) - 成功加载模块活动管理:BntWeb-Activity [(null)]
2017-04-27 12:08:46,533 [7] BntWeb.Environment.DefaultBntWebShell - (null) - 成功加载模块配置管理:BntWeb-Config [(null)]
2017-04-27 12:08:46,533 [7] BntWeb.Environment.DefaultBntWebShell - (null) - 成功加载模块内容标记:BntWeb-ContentMarkup [(null)]
2017-04-27 12:08:46,534 [7] BntWeb.Environment.DefaultBntWebShell - (null) - 成功加载模块嘉宾管理:BntWeb-Guest [(null)]
2017-04-27 12:08:46,534 [7] BntWeb.Environment.DefaultBntWebShell - (null) - 成功加载模块物流管理:BntWeb-Logistics [(null)]
2017-04-27 12:08:46,535 [7] BntWeb.Environment.DefaultBntWebShell - (null) - 成功加载模块商城管理:BntWeb-Mall [(null)]
2017-04-27 12:08:46,536 [7] BntWeb.Environment.DefaultBntWebShell - (null) - 成功加载模块会员基础:BntWeb-MemberBase [(null)]
2017-04-27 12:08:46,536 [7] BntWeb.Environment.DefaultBntWebShell - (null) - 成功加载模块会员管理:BntWeb-MemberCenter [(null)]
2017-04-27 12:08:46,537 [7] BntWeb.Environment.DefaultBntWebShell - (null) - 成功加载模块订单管理:BntWeb-OrderProcess [(null)]
2017-04-27 12:08:46,538 [7] BntWeb.Environment.DefaultBntWebShell - (null) - 成功加载模块支付管理:BntWeb-PaymentProcess [(null)]
2017-04-27 12:08:46,538 [7] BntWeb.Environment.DefaultBntWebShell - (null) - 成功加载模块单页管理:BntWeb-SinglePage [(null)]
2017-04-27 12:08:46,539 [7] BntWeb.Environment.DefaultBntWebShell - (null) - 成功加载模块消息中心:BntWeb-SystemMessage [(null)]
2017-04-27 12:08:46,539 [7] BntWeb.Environment.DefaultBntWebShell - (null) - 成功加载模块钱包管理:BntWeb-Wallet [(null)]
2017-04-27 12:08:46,540 [7] BntWeb.Environment.DefaultBntWebShell - (null) - 加载17项IRouteProvider [(null)]
2017-04-27 12:08:46,541 [7] BntWeb.Environment.DefaultBntWebShell - (null) - 加载12项IHttpRouteProvider [(null)]
2017-04-27 12:08:46,607 [7] BntWeb.Mvc.Routes.RoutePublisher - (null) - 共加载169条路由 [(null)]
2017-04-27 12:08:46,699 [7] BntWeb.Environment.DefaultBntWebHost - (null) - Initialized [(null)]
2017-04-27 12:09:46,699 [5] BntWeb.Task.BackgroundService - (null) - 开始执行后台任务 "BntWeb.Activity.Services.ActivityOperateTask" . [(null)]
2017-04-27 12:09:46,699 [10] BntWeb.Task.BackgroundService - (null) - 开始执行后台任务 "BntWeb.Core.SystemSettings.Services.ClearFilesTask" . [(null)]
2017-04-27 12:09:46,699 [7] BntWeb.Task.BackgroundService - (null) - 开始执行后台任务 "BntWeb.Core.SystemSettings.Services.ClearLogsTask" . [(null)]
2017-04-27 12:09:46,699 [9] BntWeb.Task.BackgroundService - (null) - 开始执行后台任务 "BntWeb.Wallet.Services.WalletTask" . [(null)]
2017-04-27 12:09:46,699 [8] BntWeb.Task.BackgroundService - (null) - 开始执行后台任务 "BntWeb.OrderProcess.Services.OrderProcessTask" . [(null)]
2017-04-27 12:11:12,426 [14] BntWeb.Environment.DefaultBntWebHost - (null) - Initializing [(null)]
2017-04-27 12:11:12,453 [14] BntWeb.Environment.DefaultBntWebHost - (null) - Start creation of shells [(null)]
2017-04-27 12:11:12,457 [14] BntWeb.Environment.DefaultBntWebShell - (null) - 成功加载模块系统:System [(null)]
2017-04-27 12:11:12,457 [14] BntWeb.Environment.DefaultBntWebShell - (null) - 成功加载模块后台用户:Core-SystemUsers [(null)]
2017-04-27 12:11:12,458 [14] BntWeb.Environment.DefaultBntWebShell - (null) - 成功加载模块系统管理:Core-SystemSettings [(null)]
2017-04-27 12:11:12,459 [14] BntWeb.Environment.DefaultBntWebShell - (null) - 成功加载模块系统错误:Core-Error [(null)]
2017-04-27 12:11:12,459 [14] BntWeb.Environment.DefaultBntWebShell - (null) - 成功加载模块活动管理:BntWeb-Activity [(null)]
2017-04-27 12:11:12,460 [14] BntWeb.Environment.DefaultBntWebShell - (null) - 成功加载模块配置管理:BntWeb-Config [(null)]
2017-04-27 12:11:12,460 [14] BntWeb.Environment.DefaultBntWebShell - (null) - 成功加载模块内容标记:BntWeb-ContentMarkup [(null)]
2017-04-27 12:11:12,461 [14] BntWeb.Environment.DefaultBntWebShell - (null) - 成功加载模块嘉宾管理:BntWeb-Guest [(null)]
2017-04-27 12:11:12,461 [14] BntWeb.Environment.DefaultBntWebShell - (null) - 成功加载模块物流管理:BntWeb-Logistics [(null)]
2017-04-27 12:11:12,462 [14] BntWeb.Environment.DefaultBntWebShell - (null) - 成功加载模块商城管理:BntWeb-Mall [(null)]
2017-04-27 12:11:12,462 [14] BntWeb.Environment.DefaultBntWebShell - (null) - 成功加载模块会员基础:BntWeb-MemberBase [(null)]
2017-04-27 12:11:12,463 [14] BntWeb.Environment.DefaultBntWebShell - (null) - 成功加载模块会员管理:BntWeb-MemberCenter [(null)]
2017-04-27 12:11:12,463 [14] BntWeb.Environment.DefaultBntWebShell - (null) - 成功加载模块订单管理:BntWeb-OrderProcess [(null)]
2017-04-27 12:11:12,464 [14] BntWeb.Environment.DefaultBntWebShell - (null) - 成功加载模块支付管理:BntWeb-PaymentProcess [(null)]
2017-04-27 12:11:12,464 [14] BntWeb.Environment.DefaultBntWebShell - (null) - 成功加载模块单页管理:BntWeb-SinglePage [(null)]
2017-04-27 12:11:12,465 [14] BntWeb.Environment.DefaultBntWebShell - (null) - 成功加载模块消息中心:BntWeb-SystemMessage [(null)]
2017-04-27 12:11:12,465 [14] BntWeb.Environment.DefaultBntWebShell - (null) - 成功加载模块钱包管理:BntWeb-Wallet [(null)]
2017-04-27 12:11:12,466 [14] BntWeb.Environment.DefaultBntWebShell - (null) - 加载17项IRouteProvider [(null)]
2017-04-27 12:11:12,466 [14] BntWeb.Environment.DefaultBntWebShell - (null) - 加载12项IHttpRouteProvider [(null)]
2017-04-27 12:11:12,563 [14] BntWeb.Mvc.Routes.RoutePublisher - (null) - 共加载170条路由 [(null)]
2017-04-27 12:11:12,622 [14] BntWeb.Environment.DefaultBntWebHost - (null) - Initialized [(null)]
2017-04-27 12:12:15,728 [14] BntWeb.Task.BackgroundService - (null) - 开始执行后台任务 "BntWeb.Core.SystemSettings.Services.ClearLogsTask" . [(null)]
2017-04-27 12:12:15,728 [8] BntWeb.Task.BackgroundService - (null) - 开始执行后台任务 "BntWeb.Core.SystemSettings.Services.ClearFilesTask" . [(null)]
2017-04-27 12:12:15,728 [18] BntWeb.Task.BackgroundService - (null) - 开始执行后台任务 "BntWeb.OrderProcess.Services.OrderProcessTask" . [(null)]
2017-04-27 12:12:15,728 [19] BntWeb.Task.BackgroundService - (null) - 开始执行后台任务 "BntWeb.Activity.Services.ActivityOperateTask" . [(null)]
2017-04-27 12:12:15,728 [7] BntWeb.Task.BackgroundService - (null) - 开始执行后台任务 "BntWeb.Wallet.Services.WalletTask" . [(null)]
2017-04-27 12:13:12,617 [10] BntWeb.Task.BackgroundService - (null) - 开始执行后台任务 "BntWeb.Core.SystemSettings.Services.ClearFilesTask" . [(null)]
2017-04-27 12:13:12,617 [22] BntWeb.Task.BackgroundService - (null) - 开始执行后台任务 "BntWeb.Wallet.Services.WalletTask" . [(null)]
2017-04-27 12:13:12,617 [23] BntWeb.Task.BackgroundService - (null) - 开始执行后台任务 "BntWeb.Core.SystemSettings.Services.ClearLogsTask" . [(null)]
2017-04-27 12:13:12,617 [18] BntWeb.Task.BackgroundService - (null) - 开始执行后台任务 "BntWeb.Activity.Services.ActivityOperateTask" . [(null)]
2017-04-27 12:13:12,617 [19] BntWeb.Task.BackgroundService - (null) - 开始执行后台任务 "BntWeb.OrderProcess.Services.OrderProcessTask" . [(null)]
2017-04-27 12:14:12,632 [24] BntWeb.Task.BackgroundService - (null) - 开始执行后台任务 "BntWeb.Core.SystemSettings.Services.ClearFilesTask" . [(null)]
2017-04-27 12:14:12,632 [17] BntWeb.Task.BackgroundService - (null) - 开始执行后台任务 "BntWeb.Core.SystemSettings.Services.ClearLogsTask" . [(null)]
2017-04-27 12:14:12,632 [7] BntWeb.Task.BackgroundService - (null) - 开始执行后台任务 "BntWeb.Wallet.Services.WalletTask" . [(null)]
2017-04-27 12:14:12,632 [25] BntWeb.Task.BackgroundService - (null) - 开始执行后台任务 "BntWeb.Activity.Services.ActivityOperateTask" . [(null)]
2017-04-27 12:14:12,664 [24] BntWeb.Task.BackgroundService - (null) - 开始执行后台任务 "BntWeb.OrderProcess.Services.OrderProcessTask" . [(null)]
2017-04-27 12:15:12,634 [7] BntWeb.Task.BackgroundService - (null) - 开始执行后台任务 "BntWeb.Core.SystemSettings.Services.ClearFilesTask" . [(null)]
2017-04-27 12:15:12,634 [25] BntWeb.Task.BackgroundService - (null) - 开始执行后台任务 "BntWeb.Wallet.Services.WalletTask" . [(null)]
2017-04-27 12:15:12,634 [30] BntWeb.Task.BackgroundService - (null) - 开始执行后台任务 "BntWeb.OrderProcess.Services.OrderProcessTask" . [(null)]
2017-04-27 12:15:12,634 [24] BntWeb.Task.BackgroundService - (null) - 开始执行后台任务 "BntWeb.Core.SystemSettings.Services.ClearLogsTask" . [(null)]
2017-04-27 12:15:12,634 [26] BntWeb.Task.BackgroundService - (null) - 开始执行后台任务 "BntWeb.Activity.Services.ActivityOperateTask" . [(null)]
2017-04-27 12:16:12,636 [33] BntWeb.Task.BackgroundService - (null) - 开始执行后台任务 "BntWeb.Wallet.Services.WalletTask" . [(null)]
2017-04-27 12:16:12,636 [7] BntWeb.Task.BackgroundService - (null) - 开始执行后台任务 "BntWeb.Core.SystemSettings.Services.ClearFilesTask" . [(null)]
2017-04-27 12:16:12,636 [29] BntWeb.Task.BackgroundService - (null) - 开始执行后台任务 "BntWeb.Core.SystemSettings.Services.ClearLogsTask" . [(null)]
2017-04-27 12:16:12,636 [30] BntWeb.Task.BackgroundService - (null) - 开始执行后台任务 "BntWeb.Activity.Services.ActivityOperateTask" . [(null)]
2017-04-27 12:16:12,636 [26] BntWeb.Task.BackgroundService - (null) - 开始执行后台任务 "BntWeb.OrderProcess.Services.OrderProcessTask" . [(null)]
2017-04-27 12:17:12,641 [7] BntWeb.Task.BackgroundService - (null) - 开始执行后台任务 "BntWeb.Wallet.Services.WalletTask" . [(null)]
2017-04-27 12:17:12,641 [32] BntWeb.Task.BackgroundService - (null) - 开始执行后台任务 "BntWeb.Core.SystemSettings.Services.ClearFilesTask" . [(null)]
2017-04-27 12:17:12,641 [25] BntWeb.Task.BackgroundService - (null) - 开始执行后台任务 "BntWeb.OrderProcess.Services.OrderProcessTask" . [(null)]
2017-04-27 12:17:12,641 [29] BntWeb.Task.BackgroundService - (null) - 开始执行后台任务 "BntWeb.Activity.Services.ActivityOperateTask" . [(null)]
2017-04-27 12:17:12,641 [33] BntWeb.Task.BackgroundService - (null) - 开始执行后台任务 "BntWeb.Core.SystemSettings.Services.ClearLogsTask" . [(null)]
2017-04-27 12:18:12,655 [26] BntWeb.Task.BackgroundService - (null) - 开始执行后台任务 "BntWeb.Core.SystemSettings.Services.ClearFilesTask" . [(null)]
2017-04-27 12:18:12,655 [24] BntWeb.Task.BackgroundService - (null) - 开始执行后台任务 "BntWeb.Core.SystemSettings.Services.ClearLogsTask" . [(null)]
2017-04-27 12:18:12,655 [27] BntWeb.Task.BackgroundService - (null) - 开始执行后台任务 "BntWeb.Activity.Services.ActivityOperateTask" . [(null)]
2017-04-27 12:18:12,655 [7] BntWeb.Task.BackgroundService - (null) - 开始执行后台任务 "BntWeb.Wallet.Services.WalletTask" . [(null)]
2017-04-27 12:18:12,655 [35] BntWeb.Task.BackgroundService - (null) - 开始执行后台任务 "BntWeb.OrderProcess.Services.OrderProcessTask" . [(null)]
2017-04-27 12:19:12,658 [26] BntWeb.Task.BackgroundService - (null) - 开始执行后台任务 "BntWeb.Core.SystemSettings.Services.ClearLogsTask" . [(null)]
2017-04-27 12:19:12,658 [38] BntWeb.Task.BackgroundService - (null) - 开始执行后台任务 "BntWeb.Wallet.Services.WalletTask" . [(null)]
2017-04-27 12:19:12,658 [24] BntWeb.Task.BackgroundService - (null) - 开始执行后台任务 "BntWeb.Activity.Services.ActivityOperateTask" . [(null)]
2017-04-27 12:19:12,658 [35] BntWeb.Task.BackgroundService - (null) - 开始执行后台任务 "BntWeb.OrderProcess.Services.OrderProcessTask" . [(null)]
2017-04-27 12:19:12,658 [39] BntWeb.Task.BackgroundService - (null) - 开始执行后台任务 "BntWeb.Core.SystemSettings.Services.ClearFilesTask" . [(null)]
2017-04-27 12:20:12,668 [35] BntWeb.Task.BackgroundService - (null) - 开始执行后台任务 "BntWeb.Core.SystemSettings.Services.ClearFilesTask" . [(null)]
2017-04-27 12:20:12,668 [24] BntWeb.Task.BackgroundService - (null) - 开始执行后台任务 "BntWeb.Core.SystemSettings.Services.ClearLogsTask" . [(null)]
2017-04-27 12:20:12,668 [27] BntWeb.Task.BackgroundService - (null) - 开始执行后台任务 "BntWeb.OrderProcess.Services.OrderProcessTask" . [(null)]
2017-04-27 12:20:12,668 [7] BntWeb.Task.BackgroundService - (null) - 开始执行后台任务 "BntWeb.Wallet.Services.WalletTask" . [(null)]
2017-04-27 12:20:12,668 [38] BntWeb.Task.BackgroundService - (null) - 开始执行后台任务 "BntWeb.Activity.Services.ActivityOperateTask" . [(null)]
2017-04-27 12:21:12,673 [24] BntWeb.Task.BackgroundService - (null) - 开始执行后台任务 "BntWeb.Core.SystemSettings.Services.ClearLogsTask" . [(null)]
2017-04-27 12:21:12,673 [41] BntWeb.Task.BackgroundService - (null) - 开始执行后台任务 "BntWeb.Wallet.Services.WalletTask" . [(null)]
2017-04-27 12:21:12,673 [38] BntWeb.Task.BackgroundService - (null) - 开始执行后台任务 "BntWeb.Activity.Services.ActivityOperateTask" . [(null)]
2017-04-27 12:21:12,673 [40] BntWeb.Task.BackgroundService - (null) - 开始执行后台任务 "BntWeb.OrderProcess.Services.OrderProcessTask" . [(null)]
2017-04-27 12:21:12,673 [35] BntWeb.Task.BackgroundService - (null) - 开始执行后台任务 "BntWeb.Core.SystemSettings.Services.ClearFilesTask" . [(null)]
2017-04-27 12:22:12,696 [41] BntWeb.Task.BackgroundService - (null) - 开始执行后台任务 "BntWeb.Core.SystemSettings.Services.ClearFilesTask" . [(null)]
2017-04-27 12:22:12,696 [40] BntWeb.Task.BackgroundService - (null) - 开始执行后台任务 "BntWeb.Core.SystemSettings.Services.ClearLogsTask" . [(null)]
2017-04-27 12:22:12,696 [35] BntWeb.Task.BackgroundService - (null) - 开始执行后台任务 "BntWeb.OrderProcess.Services.OrderProcessTask" . [(null)]
2017-04-27 12:22:12,696 [7] BntWeb.Task.BackgroundService - (null) - 开始执行后台任务 "BntWeb.Wallet.Services.WalletTask" . [(null)]
2017-04-27 12:22:12,696 [36] BntWeb.Task.BackgroundService - (null) - 开始执行后台任务 "BntWeb.Activity.Services.ActivityOperateTask" . [(null)]
2017-04-27 12:23:12,711 [40] BntWeb.Task.BackgroundService - (null) - 开始执行后台任务 "BntWeb.Core.SystemSettings.Services.ClearFilesTask" . [(null)]
2017-04-27 12:23:12,711 [43] BntWeb.Task.BackgroundService - (null) - 开始执行后台任务 "BntWeb.Wallet.Services.WalletTask" . [(null)]
2017-04-27 12:23:12,711 [35] BntWeb.Task.BackgroundService - (null) - 开始执行后台任务 "BntWeb.OrderProcess.Services.OrderProcessTask" . [(null)]
2017-04-27 12:23:12,711 [41] BntWeb.Task.BackgroundService - (null) - 开始执行后台任务 "BntWeb.Core.SystemSettings.Services.ClearLogsTask" . [(null)]
2017-04-27 12:23:12,711 [7] BntWeb.Task.BackgroundService - (null) - 开始执行后台任务 "BntWeb.Activity.Services.ActivityOperateTask" . [(null)]
2017-04-27 12:24:12,726 [41] BntWeb.Task.BackgroundService - (null) - 开始执行后台任务 "BntWeb.Wallet.Services.WalletTask" . [(null)]
2017-04-27 12:24:12,726 [43] BntWeb.Task.BackgroundService - (null) - 开始执行后台任务 "BntWeb.Core.SystemSettings.Services.ClearLogsTask" . [(null)]
2017-04-27 12:24:12,726 [36] BntWeb.Task.BackgroundService - (null) - 开始执行后台任务 "BntWeb.OrderProcess.Services.OrderProcessTask" . [(null)]
2017-04-27 12:24:12,726 [46] BntWeb.Task.BackgroundService - (null) - 开始执行后台任务 "BntWeb.Core.SystemSettings.Services.ClearFilesTask" . [(null)]
2017-04-27 12:24:12,726 [44] BntWeb.Task.BackgroundService - (null) - 开始执行后台任务 "BntWeb.Activity.Services.ActivityOperateTask" . [(null)]
2017-04-27 12:25:12,733 [41] BntWeb.Task.BackgroundService - (null) - 开始执行后台任务 "BntWeb.Core.SystemSettings.Services.ClearLogsTask" . [(null)]
2017-04-27 12:25:12,733 [45] BntWeb.Task.BackgroundService - (null) - 开始执行后台任务 "BntWeb.OrderProcess.Services.OrderProcessTask" . [(null)]
2017-04-27 12:25:12,733 [40] BntWeb.Task.BackgroundService - (null) - 开始执行后台任务 "BntWeb.Wallet.Services.WalletTask" . [(null)]
2017-04-27 12:25:12,733 [44] BntWeb.Task.BackgroundService - (null) - 开始执行后台任务 "BntWeb.Activity.Services.ActivityOperateTask" . [(null)]
2017-04-27 12:25:12,733 [34] BntWeb.Task.BackgroundService - (null) - 开始执行后台任务 "BntWeb.Core.SystemSettings.Services.ClearFilesTask" . [(null)]
2017-04-27 12:26:12,735 [36] BntWeb.Task.BackgroundService - (null) - 开始执行后台任务 "BntWeb.Core.SystemSettings.Services.ClearFilesTask" . [(null)]
2017-04-27 12:26:12,735 [45] BntWeb.Task.BackgroundService - (null) - 开始执行后台任务 "BntWeb.Core.SystemSettings.Services.ClearLogsTask" . [(null)]
2017-04-27 12:26:12,735 [44] BntWeb.Task.BackgroundService - (null) - 开始执行后台任务 "BntWeb.OrderProcess.Services.OrderProcessTask" . [(null)]
2017-04-27 12:26:12,735 [35] BntWeb.Task.BackgroundService - (null) - 开始执行后台任务 "BntWeb.Activity.Services.ActivityOperateTask" . [(null)]
2017-04-27 12:26:12,735 [34] BntWeb.Task.BackgroundService - (null) - 开始执行后台任务 "BntWeb.Wallet.Services.WalletTask" . [(null)]
2017-04-27 12:27:12,739 [34] BntWeb.Task.BackgroundService - (null) - 开始执行后台任务 "BntWeb.Core.SystemSettings.Services.ClearFilesTask" . [(null)]
2017-04-27 12:27:12,739 [41] BntWeb.Task.BackgroundService - (null) - 开始执行后台任务 "BntWeb.Core.SystemSettings.Services.ClearLogsTask" . [(null)]
2017-04-27 12:27:12,739 [7] BntWeb.Task.BackgroundService - (null) - 开始执行后台任务 "BntWeb.Activity.Services.ActivityOperateTask" . [(null)]
2017-04-27 12:27:12,739 [40] BntWeb.Task.BackgroundService - (null) - 开始执行后台任务 "BntWeb.OrderProcess.Services.OrderProcessTask" . [(null)]
2017-04-27 12:27:12,739 [46] BntWeb.Task.BackgroundService - (null) - 开始执行后台任务 "BntWeb.Wallet.Services.WalletTask" . [(null)]
2017-04-27 12:28:12,752 [40] BntWeb.Task.BackgroundService - (null) - 开始执行后台任务 "BntWeb.Core.SystemSettings.Services.ClearFilesTask" . [(null)]
2017-04-27 12:28:12,752 [7] BntWeb.Task.BackgroundService - (null) - 开始执行后台任务 "BntWeb.OrderProcess.Services.OrderProcessTask" . [(null)]
2017-04-27 12:28:12,752 [47] BntWeb.Task.BackgroundService - (null) - 开始执行后台任务 "BntWeb.Core.SystemSettings.Services.ClearLogsTask" . [(null)]
2017-04-27 12:28:12,752 [34] BntWeb.Task.BackgroundService - (null) - 开始执行后台任务 "BntWeb.Wallet.Services.WalletTask" . [(null)]
2017-04-27 12:28:12,752 [46] BntWeb.Task.BackgroundService - (null) - 开始执行后台任务 "BntWeb.Activity.Services.ActivityOperateTask" . [(null)]
2017-04-27 12:29:12,773 [7] BntWeb.Task.BackgroundService - (null) - 开始执行后台任务 "BntWeb.Core.SystemSettings.Services.ClearFilesTask" . [(null)]
2017-04-27 12:29:12,773 [48] BntWeb.Task.BackgroundService - (null) - 开始执行后台任务 "BntWeb.OrderProcess.Services.OrderProcessTask" . [(null)]
2017-04-27 12:29:12,773 [47] BntWeb.Task.BackgroundService - (null) - 开始执行后台任务 "BntWeb.Activity.Services.ActivityOperateTask" . [(null)]
2017-04-27 12:29:12,773 [42] BntWeb.Task.BackgroundService - (null) - 开始执行后台任务 "BntWeb.Wallet.Services.WalletTask" . [(null)]
2017-04-27 12:29:12,773 [49] BntWeb.Task.BackgroundService - (null) - 开始执行后台任务 "BntWeb.Core.SystemSettings.Services.ClearLogsTask" . [(null)]
2017-04-27 12:30:12,776 [7] BntWeb.Task.BackgroundService - (null) - 开始执行后台任务 "BntWeb.Core.SystemSettings.Services.ClearFilesTask" . [(null)]
2017-04-27 12:30:12,776 [40] BntWeb.Task.BackgroundService - (null) - 开始执行后台任务 "BntWeb.Core.SystemSettings.Services.ClearLogsTask" . [(null)]
2017-04-27 12:30:12,776 [46] BntWeb.Task.BackgroundService - (null) - 开始执行后台任务 "BntWeb.Wallet.Services.WalletTask" . [(null)]
2017-04-27 12:30:12,776 [41] BntWeb.Task.BackgroundService - (null) - 开始执行后台任务 "BntWeb.OrderProcess.Services.OrderProcessTask" . [(null)]
2017-04-27 12:30:12,776 [34] BntWeb.Task.BackgroundService - (null) - 开始执行后台任务 "BntWeb.Activity.Services.ActivityOperateTask" . [(null)]
2017-04-27 12:31:12,778 [46] BntWeb.Task.BackgroundService - (null) - 开始执行后台任务 "BntWeb.Core.SystemSettings.Services.ClearFilesTask" . [(null)]
2017-04-27 12:31:12,778 [7] BntWeb.Task.BackgroundService - (null) - 开始执行后台任务 "BntWeb.Activity.Services.ActivityOperateTask" . [(null)]
2017-04-27 12:31:12,778 [49] BntWeb.Task.BackgroundService - (null) - 开始执行后台任务 "BntWeb.Wallet.Services.WalletTask" . [(null)]
2017-04-27 12:31:12,778 [34] BntWeb.Task.BackgroundService - (null) - 开始执行后台任务 "BntWeb.Core.SystemSettings.Services.ClearLogsTask" . [(null)]
2017-04-27 12:31:12,866 [7] BntWeb.Task.BackgroundService - (null) - 开始执行后台任务 "BntWeb.OrderProcess.Services.OrderProcessTask" . [(null)]
2017-04-27 12:32:12,780 [49] BntWeb.Task.BackgroundService - (null) - 开始执行后台任务 "BntWeb.Core.SystemSettings.Services.ClearLogsTask" . [(null)]
2017-04-27 12:32:12,780 [51] BntWeb.Task.BackgroundService - (null) - 开始执行后台任务 "BntWeb.Wallet.Services.WalletTask" . [(null)]
2017-04-27 12:32:12,780 [34] BntWeb.Task.BackgroundService - (null) - 开始执行后台任务 "BntWeb.OrderProcess.Services.OrderProcessTask" . [(null)]
2017-04-27 12:32:12,780 [7] BntWeb.Task.BackgroundService - (null) - 开始执行后台任务 "BntWeb.Core.SystemSettings.Services.ClearFilesTask" . [(null)]
2017-04-27 12:32:12,780 [54] BntWeb.Task.BackgroundService - (null) - 开始执行后台任务 "BntWeb.Activity.Services.ActivityOperateTask" . [(null)]
2017-04-27 12:33:12,795 [7] BntWeb.Task.BackgroundService - (null) - 开始执行后台任务 "BntWeb.Wallet.Services.WalletTask" . [(null)]
2017-04-27 12:33:12,795 [49] BntWeb.Task.BackgroundService - (null) - 开始执行后台任务 "BntWeb.Activity.Services.ActivityOperateTask" . [(null)]
2017-04-27 12:33:12,795 [46] BntWeb.Task.BackgroundService - (null) - 开始执行后台任务 "BntWeb.Core.SystemSettings.Services.ClearLogsTask" . [(null)]
2017-04-27 12:33:12,795 [51] BntWeb.Task.BackgroundService - (null) - 开始执行后台任务 "BntWeb.Core.SystemSettings.Services.ClearFilesTask" . [(null)]
2017-04-27 12:33:12,795 [55] BntWeb.Task.BackgroundService - (null) - 开始执行后台任务 "BntWeb.OrderProcess.Services.OrderProcessTask" . [(null)]
2017-04-27 12:54:18,793 [7] BntWeb.Environment.DefaultBntWebHost - (null) - Initializing [(null)]
2017-04-27 12:54:18,813 [7] BntWeb.Environment.DefaultBntWebHost - (null) - Start creation of shells [(null)]
2017-04-27 12:54:18,816 [7] BntWeb.Environment.DefaultBntWebShell - (null) - 成功加载模块系统:System [(null)]
2017-04-27 12:54:18,817 [7] BntWeb.Environment.DefaultBntWebShell - (null) - 成功加载模块后台用户:Core-SystemUsers [(null)]
2017-04-27 12:54:18,817 [7] BntWeb.Environment.DefaultBntWebShell - (null) - 成功加载模块系统管理:Core-SystemSettings [(null)]
2017-04-27 12:54:18,818 [7] BntWeb.Environment.DefaultBntWebShell - (null) - 成功加载模块系统错误:Core-Error [(null)]
2017-04-27 12:54:18,818 [7] BntWeb.Environment.DefaultBntWebShell - (null) - 成功加载模块活动管理:BntWeb-Activity [(null)]
2017-04-27 12:54:18,819 [7] BntWeb.Environment.DefaultBntWebShell - (null) - 成功加载模块配置管理:BntWeb-Config [(null)]
2017-04-27 12:54:18,819 [7] BntWeb.Environment.DefaultBntWebShell - (null) - 成功加载模块内容标记:BntWeb-ContentMarkup [(null)]
2017-04-27 12:54:18,820 [7] BntWeb.Environment.DefaultBntWebShell - (null) - 成功加载模块嘉宾管理:BntWeb-Guest [(null)]
2017-04-27 12:54:18,820 [7] BntWeb.Environment.DefaultBntWebShell - (null) - 成功加载模块物流管理:BntWeb-Logistics [(null)]
2017-04-27 12:54:18,821 [7] BntWeb.Environment.DefaultBntWebShell - (null) - 成功加载模块商城管理:BntWeb-Mall [(null)]
2017-04-27 12:54:18,822 [7] BntWeb.Environment.DefaultBntWebShell - (null) - 成功加载模块会员基础:BntWeb-MemberBase [(null)]
2017-04-27 12:54:18,822 [7] BntWeb.Environment.DefaultBntWebShell - (null) - 成功加载模块会员管理:BntWeb-MemberCenter [(null)]
2017-04-27 12:54:18,823 [7] BntWeb.Environment.DefaultBntWebShell - (null) - 成功加载模块订单管理:BntWeb-OrderProcess [(null)]
2017-04-27 12:54:18,823 [7] BntWeb.Environment.DefaultBntWebShell - (null) - 成功加载模块支付管理:BntWeb-PaymentProcess [(null)]
2017-04-27 12:54:18,824 [7] BntWeb.Environment.DefaultBntWebShell - (null) - 成功加载模块单页管理:BntWeb-SinglePage [(null)]
2017-04-27 12:54:18,824 [7] BntWeb.Environment.DefaultBntWebShell - (null) - 成功加载模块消息中心:BntWeb-SystemMessage [(null)]
2017-04-27 12:54:18,825 [7] BntWeb.Environment.DefaultBntWebShell - (null) - 成功加载模块钱包管理:BntWeb-Wallet [(null)]
2017-04-27 12:54:18,826 [7] BntWeb.Environment.DefaultBntWebShell - (null) - 加载17项IRouteProvider [(null)]
2017-04-27 12:54:18,827 [7] BntWeb.Environment.DefaultBntWebShell - (null) - 加载12项IHttpRouteProvider [(null)]
2017-04-27 12:54:19,021 [7] BntWeb.Mvc.Routes.RoutePublisher - (null) - 共加载170条路由 [(null)]
2017-04-27 12:54:19,274 [7] BntWeb.Environment.DefaultBntWebHost - (null) - Initialized [(null)]
2017-04-27 12:55:22,385 [8] BntWeb.Task.BackgroundService - (null) - 开始执行后台任务 "BntWeb.Wallet.Services.WalletTask" . [(null)]
2017-04-27 12:55:22,385 [9] BntWeb.Task.BackgroundService - (null) - 开始执行后台任务 "BntWeb.Core.SystemSettings.Services.ClearFilesTask" . [(null)]
2017-04-27 12:55:22,385 [13] BntWeb.Task.BackgroundService - (null) - 开始执行后台任务 "BntWeb.Activity.Services.ActivityOperateTask" . [(null)]
2017-04-27 12:55:22,385 [7] BntWeb.Task.BackgroundService - (null) - 开始执行后台任务 "BntWeb.Core.SystemSettings.Services.ClearLogsTask" . [(null)]
2017-04-27 12:55:23,139 [7] BntWeb.Task.BackgroundService - (null) - 开始执行后台任务 "BntWeb.OrderProcess.Services.OrderProcessTask" . [(null)]
2017-04-27 12:56:19,199 [9] BntWeb.Task.BackgroundService - (null) - 开始执行后台任务 "BntWeb.Core.SystemSettings.Services.ClearFilesTask" . [(null)]
2017-04-27 12:56:19,199 [12] BntWeb.Task.BackgroundService - (null) - 开始执行后台任务 "BntWeb.OrderProcess.Services.OrderProcessTask" . [(null)]
2017-04-27 12:56:19,199 [13] BntWeb.Task.BackgroundService - (null) - 开始执行后台任务 "BntWeb.Activity.Services.ActivityOperateTask" . [(null)]
2017-04-27 12:56:19,199 [8] BntWeb.Task.BackgroundService - (null) - 开始执行后台任务 "BntWeb.Wallet.Services.WalletTask" . [(null)]
2017-04-27 12:56:19,199 [7] BntWeb.Task.BackgroundService - (null) - 开始执行后台任务 "BntWeb.Core.SystemSettings.Services.ClearLogsTask" . [(null)]
2017-04-27 12:57:19,201 [13] BntWeb.Task.BackgroundService - (null) - 开始执行后台任务 "BntWeb.Core.SystemSettings.Services.ClearFilesTask" . [(null)]
2017-04-27 12:57:19,201 [8] BntWeb.Task.BackgroundService - (null) - 开始执行后台任务 "BntWeb.Wallet.Services.WalletTask" . [(null)]
2017-04-27 12:57:19,201 [12] BntWeb.Task.BackgroundService - (null) - 开始执行后台任务 "BntWeb.Core.SystemSettings.Services.ClearLogsTask" . [(null)]
2017-04-27 12:57:19,201 [7] BntWeb.Task.BackgroundService - (null) - 开始执行后台任务 "BntWeb.Activity.Services.ActivityOperateTask" . [(null)]
2017-04-27 12:57:19,217 [8] BntWeb.Task.BackgroundService - (null) - 开始执行后台任务 "BntWeb.OrderProcess.Services.OrderProcessTask" . [(null)]
2017-04-27 12:58:19,201 [12] BntWeb.Task.BackgroundService - (null) - 开始执行后台任务 "BntWeb.Core.SystemSettings.Services.ClearLogsTask" . [(null)]
2017-04-27 12:58:19,201 [17] BntWeb.Task.BackgroundService - (null) - 开始执行后台任务 "BntWeb.OrderProcess.Services.OrderProcessTask" . [(null)]
2017-04-27 12:58:19,201 [16] BntWeb.Task.BackgroundService - (null) - 开始执行后台任务 "BntWeb.Activity.Services.ActivityOperateTask" . [(null)]
2017-04-27 12:58:19,201 [7] BntWeb.Task.BackgroundService - (null) - 开始执行后台任务 "BntWeb.Core.SystemSettings.Services.ClearFilesTask" . [(null)]
2017-04-27 12:58:19,201 [13] BntWeb.Task.BackgroundService - (null) - 开始执行后台任务 "BntWeb.Wallet.Services.WalletTask" . [(null)]
2017-04-27 12:59:19,216 [16] BntWeb.Task.BackgroundService - (null) - 开始执行后台任务 "BntWeb.Wallet.Services.WalletTask" . [(null)]
2017-04-27 12:59:19,216 [13] BntWeb.Task.BackgroundService - (null) - 开始执行后台任务 "BntWeb.Core.SystemSettings.Services.ClearFilesTask" . [(null)]
2017-04-27 12:59:19,216 [12] BntWeb.Task.BackgroundService - (null) - 开始执行后台任务 "BntWeb.Core.SystemSettings.Services.ClearLogsTask" . [(null)]
2017-04-27 12:59:19,216 [17] BntWeb.Task.BackgroundService - (null) - 开始执行后台任务 "BntWeb.Activity.Services.ActivityOperateTask" . [(null)]
2017-04-27 12:59:19,232 [16] BntWeb.Task.BackgroundService - (null) - 开始执行后台任务 "BntWeb.OrderProcess.Services.OrderProcessTask" . [(null)]
2017-04-27 13:00:19,227 [18] BntWeb.Task.BackgroundService - (null) - 开始执行后台任务 "BntWeb.Core.SystemSettings.Services.ClearFilesTask" . [(null)]
2017-04-27 13:00:19,227 [19] BntWeb.Task.BackgroundService - (null) - 开始执行后台任务 "BntWeb.Core.SystemSettings.Services.ClearLogsTask" . [(null)]
2017-04-27 13:00:19,227 [17] BntWeb.Task.BackgroundService - (null) - 开始执行后台任务 "BntWeb.Activity.Services.ActivityOperateTask" . [(null)]
2017-04-27 13:00:19,227 [13] BntWeb.Task.BackgroundService - (null) - 开始执行后台任务 "BntWeb.Wallet.Services.WalletTask" . [(null)]
2017-04-27 13:00:19,227 [16] BntWeb.Task.BackgroundService - (null) - 开始执行后台任务 "BntWeb.OrderProcess.Services.OrderProcessTask" . [(null)]
2017-04-27 13:01:19,236 [19] BntWeb.Task.BackgroundService - (null) - 开始执行后台任务 "BntWeb.Core.SystemSettings.Services.ClearFilesTask" . [(null)]
2017-04-27 13:01:19,236 [20] BntWeb.Task.BackgroundService - (null) - 开始执行后台任务 "BntWeb.Wallet.Services.WalletTask" . [(null)]
2017-04-27 13:01:19,236 [13] BntWeb.Task.BackgroundService - (null) - 开始执行后台任务 "BntWeb.Activity.Services.ActivityOperateTask" . [(null)]
2017-04-27 13:01:19,236 [17] BntWeb.Task.BackgroundService - (null) - 开始执行后台任务 "BntWeb.Core.SystemSettings.Services.ClearLogsTask" . [(null)]
2017-04-27 13:01:19,267 [20] BntWeb.Task.BackgroundService - (null) - 开始执行后台任务 "BntWeb.OrderProcess.Services.OrderProcessTask" . [(null)]
2017-04-27 13:02:19,244 [19] BntWeb.Task.BackgroundService - (null) - 开始执行后台任务 "BntWeb.Wallet.Services.WalletTask" . [(null)]
2017-04-27 13:02:19,244 [23] BntWeb.Task.BackgroundService - (null) - 开始执行后台任务 "BntWeb.OrderProcess.Services.OrderProcessTask" . [(null)]
2017-04-27 13:02:19,244 [17] BntWeb.Task.BackgroundService - (null) - 开始执行后台任务 "BntWeb.Activity.Services.ActivityOperateTask" . [(null)]
2017-04-27 13:02:19,244 [13] BntWeb.Task.BackgroundService - (null) - 开始执行后台任务 "BntWeb.Core.SystemSettings.Services.ClearLogsTask" . [(null)]
2017-04-27 13:02:19,244 [22] BntWeb.Task.BackgroundService - (null) - 开始执行后台任务 "BntWeb.Core.SystemSettings.Services.ClearFilesTask" . [(null)]
2017-04-27 13:03:19,259 [22] BntWeb.Task.BackgroundService - (null) - 开始执行后台任务 "BntWeb.Wallet.Services.WalletTask" . [(null)]
2017-04-27 13:03:19,259 [17] BntWeb.Task.BackgroundService - (null) - 开始执行后台任务 "BntWeb.Core.SystemSettings.Services.ClearLogsTask" . [(null)]
2017-04-27 13:03:19,259 [23] BntWeb.Task.BackgroundService - (null) - 开始执行后台任务 "BntWeb.Core.SystemSettings.Services.ClearFilesTask" . [(null)]
2017-04-27 13:03:19,259 [21] BntWeb.Task.BackgroundService - (null) - 开始执行后台任务 "BntWeb.Activity.Services.ActivityOperateTask" . [(null)]
2017-04-27 13:03:19,290 [22] BntWeb.Task.BackgroundService - (null) - 开始执行后台任务 "BntWeb.OrderProcess.Services.OrderProcessTask" . [(null)]
2017-04-27 13:04:19,269 [26] BntWeb.Task.BackgroundService - (null) - 开始执行后台任务 "BntWeb.Core.SystemSettings.Services.ClearFilesTask" . [(null)]
2017-04-27 13:04:19,269 [23] BntWeb.Task.BackgroundService - (null) - 开始执行后台任务 "BntWeb.Core.SystemSettings.Services.ClearLogsTask" . [(null)]
2017-04-27 13:04:19,269 [21] BntWeb.Task.BackgroundService - (null) - 开始执行后台任务 "BntWeb.Activity.Services.ActivityOperateTask" . [(null)]
2017-04-27 13:04:19,269 [22] BntWeb.Task.BackgroundService - (null) - 开始执行后台任务 "BntWeb.Wallet.Services.WalletTask" . [(null)]
2017-04-27 13:04:19,269 [25] BntWeb.Task.BackgroundService - (null) - 开始执行后台任务 "BntWeb.OrderProcess.Services.OrderProcessTask" . [(null)]
2017-04-27 13:05:19,280 [22] BntWeb.Task.BackgroundService - (null) - 开始执行后台任务 "BntWeb.Wallet.Services.WalletTask" . [(null)]
2017-04-27 13:05:19,280 [23] BntWeb.Task.BackgroundService - (null) - 开始执行后台任务 "BntWeb.Core.SystemSettings.Services.ClearLogsTask" . [(null)]
2017-04-27 13:05:19,280 [24] BntWeb.Task.BackgroundService - (null) - 开始执行后台任务 "BntWeb.Core.SystemSettings.Services.ClearFilesTask" . [(null)]
2017-04-27 13:05:19,280 [26] BntWeb.Task.BackgroundService - (null) - 开始执行后台任务 "BntWeb.Activity.Services.ActivityOperateTask" . [(null)]
2017-04-27 13:05:19,327 [24] BntWeb.Task.BackgroundService - (null) - 开始执行后台任务 "BntWeb.OrderProcess.Services.OrderProcessTask" . [(null)]
2017-04-27 13:06:19,292 [28] BntWeb.Task.BackgroundService - (null) - 开始执行后台任务 "BntWeb.Core.SystemSettings.Services.ClearFilesTask" . [(null)]
2017-04-27 13:06:19,292 [29] BntWeb.Task.BackgroundService - (null) - 开始执行后台任务 "BntWeb.Activity.Services.ActivityOperateTask" . [(null)]
2017-04-27 13:06:19,292 [26] BntWeb.Task.BackgroundService - (null) - 开始执行后台任务 "BntWeb.OrderProcess.Services.OrderProcessTask" . [(null)]
2017-04-27 13:06:19,292 [23] BntWeb.Task.BackgroundService - (null) - 开始执行后台任务 "BntWeb.Core.SystemSettings.Services.ClearLogsTask" . [(null)]
2017-04-27 13:06:19,292 [22] BntWeb.Task.BackgroundService - (null) - 开始执行后台任务 "BntWeb.Wallet.Services.WalletTask" . [(null)]
2017-04-27 13:07:19,301 [28] BntWeb.Task.BackgroundService - (null) - 开始执行后台任务 "BntWeb.Core.SystemSettings.Services.ClearFilesTask" . [(null)]
2017-04-27 13:07:19,301 [29] BntWeb.Task.BackgroundService - (null) - 开始执行后台任务 "BntWeb.Wallet.Services.WalletTask" . [(null)]
2017-04-27 13:07:19,301 [22] BntWeb.Task.BackgroundService - (null) - 开始执行后台任务 "BntWeb.Core.SystemSettings.Services.ClearLogsTask" . [(null)]
2017-04-27 13:07:19,301 [27] BntWeb.Task.BackgroundService - (null) - 开始执行后台任务 "BntWeb.Activity.Services.ActivityOperateTask" . [(null)]
2017-04-27 13:07:19,332 [29] BntWeb.Task.BackgroundService - (null) - 开始执行后台任务 "BntWeb.OrderProcess.Services.OrderProcessTask" . [(null)]
2017-04-27 13:08:19,309 [28] BntWeb.Task.BackgroundService - (null) - 开始执行后台任务 "BntWeb.OrderProcess.Services.OrderProcessTask" . [(null)]
2017-04-27 13:08:19,309 [31] BntWeb.Task.BackgroundService - (null) - 开始执行后台任务 "BntWeb.Core.SystemSettings.Services.ClearLogsTask" . [(null)]
2017-04-27 13:08:19,309 [22] BntWeb.Task.BackgroundService - (null) - 开始执行后台任务 "BntWeb.Core.SystemSettings.Services.ClearFilesTask" . [(null)]
2017-04-27 13:08:19,309 [29] BntWeb.Task.BackgroundService - (null) - 开始执行后台任务 "BntWeb.Wallet.Services.WalletTask" . [(null)]
2017-04-27 13:08:19,309 [32] BntWeb.Task.BackgroundService - (null) - 开始执行后台任务 "BntWeb.Activity.Services.ActivityOperateTask" . [(null)]
2017-04-27 13:09:19,312 [29] BntWeb.Task.BackgroundService - (null) - 开始执行后台任务 "BntWeb.Wallet.Services.WalletTask" . [(null)]
2017-04-27 13:09:19,312 [31] BntWeb.Task.BackgroundService - (null) - 开始执行后台任务 "BntWeb.Core.SystemSettings.Services.ClearFilesTask" . [(null)]
2017-04-27 13:09:19,312 [30] BntWeb.Task.BackgroundService - (null) - 开始执行后台任务 "BntWeb.Core.SystemSettings.Services.ClearLogsTask" . [(null)]
2017-04-27 13:09:19,312 [22] BntWeb.Task.BackgroundService - (null) - 开始执行后台任务 "BntWeb.Activity.Services.ActivityOperateTask" . [(null)]
2017-04-27 13:09:19,366 [30] BntWeb.Task.BackgroundService - (null) - 开始执行后台任务 "BntWeb.OrderProcess.Services.OrderProcessTask" . [(null)]
2017-04-27 13:10:19,318 [22] BntWeb.Task.BackgroundService - (null) - 开始执行后台任务 "BntWeb.Core.SystemSettings.Services.ClearFilesTask" . [(null)]
2017-04-27 13:10:19,318 [35] BntWeb.Task.BackgroundService - (null) - 开始执行后台任务 "BntWeb.Wallet.Services.WalletTask" . [(null)]
2017-04-27 13:10:19,318 [30] BntWeb.Task.BackgroundService - (null) - 开始执行后台任务 "BntWeb.Activity.Services.ActivityOperateTask" . [(null)]
2017-04-27 13:10:19,318 [34] BntWeb.Task.BackgroundService - (null) - 开始执行后台任务 "BntWeb.OrderProcess.Services.OrderProcessTask" . [(null)]
2017-04-27 13:10:19,318 [31] BntWeb.Task.BackgroundService - (null) - 开始执行后台任务 "BntWeb.Core.SystemSettings.Services.ClearLogsTask" . [(null)]
2017-04-27 13:11:19,328 [29] BntWeb.Task.BackgroundService - (null) - 开始执行后台任务 "BntWeb.Wallet.Services.WalletTask" . [(null)]
2017-04-27 13:11:19,328 [22] BntWeb.Task.BackgroundService - (null) - 开始执行后台任务 "BntWeb.Core.SystemSettings.Services.ClearFilesTask" . [(null)]
2017-04-27 13:11:19,329 [30] BntWeb.Task.BackgroundService - (null) - 开始执行后台任务 "BntWeb.Core.SystemSettings.Services.ClearLogsTask" . [(null)]
2017-04-27 13:11:19,329 [35] BntWeb.Task.BackgroundService - (null) - 开始执行后台任务 "BntWeb.Activity.Services.ActivityOperateTask" . [(null)]
2017-04-27 13:11:19,427 [22] BntWeb.Task.BackgroundService - (null) - 开始执行后台任务 "BntWeb.OrderProcess.Services.OrderProcessTask" . [(null)]
2017-04-27 13:12:19,339 [35] BntWeb.Task.BackgroundService - (null) - 开始执行后台任务 "BntWeb.Core.SystemSettings.Services.ClearFilesTask" . [(null)]
2017-04-27 13:12:19,339 [22] BntWeb.Task.BackgroundService - (null) - 开始执行后台任务 "BntWeb.Activity.Services.ActivityOperateTask" . [(null)]
2017-04-27 13:12:19,339 [30] BntWeb.Task.BackgroundService - (null) - 开始执行后台任务 "BntWeb.Wallet.Services.WalletTask" . [(null)]
2017-04-27 13:12:19,340 [36] BntWeb.Task.BackgroundService - (null) - 开始执行后台任务 "BntWeb.OrderProcess.Services.OrderProcessTask" . [(null)]
2017-04-27 13:12:19,339 [29] BntWeb.Task.BackgroundService - (null) - 开始执行后台任务 "BntWeb.Core.SystemSettings.Services.ClearLogsTask" . [(null)]
2017-04-27 13:13:19,341 [29] BntWeb.Task.BackgroundService - (null) - 开始执行后台任务 "BntWeb.Activity.Services.ActivityOperateTask" . [(null)]
2017-04-27 13:13:19,341 [30] BntWeb.Task.BackgroundService - (null) - 开始执行后台任务 "BntWeb.Wallet.Services.WalletTask" . [(null)]
2017-04-27 13:13:19,341 [35] BntWeb.Task.BackgroundService - (null) - 开始执行后台任务 "BntWeb.Core.SystemSettings.Services.ClearLogsTask" . [(null)]
2017-04-27 13:13:19,341 [36] BntWeb.Task.BackgroundService - (null) - 开始执行后台任务 "BntWeb.Core.SystemSettings.Services.ClearFilesTask" . [(null)]
2017-04-27 13:13:19,391 [36] BntWeb.Task.BackgroundService - (null) - 开始执行后台任务 "BntWeb.OrderProcess.Services.OrderProcessTask" . [(null)]
2017-04-27 13:14:19,341 [35] BntWeb.Task.BackgroundService - (null) - 开始执行后台任务 "BntWeb.Activity.Services.ActivityOperateTask" . [(null)]
2017-04-27 13:14:19,341 [36] BntWeb.Task.BackgroundService - (null) - 开始执行后台任务 "BntWeb.Wallet.Services.WalletTask" . [(null)]
2017-04-27 13:14:19,341 [37] BntWeb.Task.BackgroundService - (null) - 开始执行后台任务 "BntWeb.Core.SystemSettings.Services.ClearFilesTask" . [(null)]
2017-04-27 13:14:19,342 [29] BntWeb.Task.BackgroundService - (null) - 开始执行后台任务 "BntWeb.OrderProcess.Services.OrderProcessTask" . [(null)]
2017-04-27 13:14:19,341 [30] BntWeb.Task.BackgroundService - (null) - 开始执行后台任务 "BntWeb.Core.SystemSettings.Services.ClearLogsTask" . [(null)]
2017-04-27 13:45:32,256 [7] BntWeb.Environment.DefaultBntWebHost - (null) - Initializing [(null)]
2017-04-27 13:45:32,267 [7] BntWeb.Environment.DefaultBntWebHost - (null) - Start creation of shells [(null)]
2017-04-27 13:45:32,273 [7] BntWeb.Environment.DefaultBntWebShell - (null) - 成功加载模块系统:System [(null)]
2017-04-27 13:45:32,277 [7] BntWeb.Environment.DefaultBntWebShell - (null) - 成功加载模块后台用户:Core-SystemUsers [(null)]
2017-04-27 13:45:32,278 [7] BntWeb.Environment.DefaultBntWebShell - (null) - 成功加载模块系统管理:Core-SystemSettings [(null)]
2017-04-27 13:45:32,280 [7] BntWeb.Environment.DefaultBntWebShell - (null) - 成功加载模块系统错误:Core-Error [(null)]
2017-04-27 13:45:32,281 [7] BntWeb.Environment.DefaultBntWebShell - (null) - 成功加载模块活动管理:BntWeb-Activity [(null)]
2017-04-27 13:45:32,282 [7] BntWeb.Environment.DefaultBntWebShell - (null) - 成功加载模块配置管理:BntWeb-Config [(null)]
2017-04-27 13:45:32,284 [7] BntWeb.Environment.DefaultBntWebShell - (null) - 成功加载模块内容标记:BntWeb-ContentMarkup [(null)]
2017-04-27 13:45:32,285 [7] BntWeb.Environment.DefaultBntWebShell - (null) - 成功加载模块嘉宾管理:BntWeb-Guest [(null)]
2017-04-27 13:45:32,286 [7] BntWeb.Environment.DefaultBntWebShell - (null) - 成功加载模块物流管理:BntWeb-Logistics [(null)]
2017-04-27 13:45:32,288 [7] BntWeb.Environment.DefaultBntWebShell - (null) - 成功加载模块商城管理:BntWeb-Mall [(null)]
2017-04-27 13:45:32,289 [7] BntWeb.Environment.DefaultBntWebShell - (null) - 成功加载模块会员基础:BntWeb-MemberBase [(null)]
2017-04-27 13:45:32,290 [7] BntWeb.Environment.DefaultBntWebShell - (null) - 成功加载模块会员管理:BntWeb-MemberCenter [(null)]
2017-04-27 13:45:32,291 [7] BntWeb.Environment.DefaultBntWebShell - (null) - 成功加载模块订单管理:BntWeb-OrderProcess [(null)]
2017-04-27 13:45:32,294 [7] BntWeb.Environment.DefaultBntWebShell - (null) - 成功加载模块支付管理:BntWeb-PaymentProcess [(null)]
2017-04-27 13:45:32,295 [7] BntWeb.Environment.DefaultBntWebShell - (null) - 成功加载模块单页管理:BntWeb-SinglePage [(null)]
2017-04-27 13:45:32,299 [7] BntWeb.Environment.DefaultBntWebShell - (null) - 成功加载模块消息中心:BntWeb-SystemMessage [(null)]
2017-04-27 13:45:32,308 [7] BntWeb.Environment.DefaultBntWebShell - (null) - 成功加载模块钱包管理:BntWeb-Wallet [(null)]
2017-04-27 13:45:32,310 [7] BntWeb.Environment.DefaultBntWebShell - (null) - 加载17项IRouteProvider [(null)]
2017-04-27 13:45:32,311 [7] BntWeb.Environment.DefaultBntWebShell - (null) - 加载12项IHttpRouteProvider [(null)]
2017-04-27 13:45:32,465 [7] BntWeb.Mvc.Routes.RoutePublisher - (null) - 共加载170条路由 [(null)]
2017-04-27 13:45:32,523 [7] BntWeb.Environment.DefaultBntWebHost - (null) - Initialized [(null)]
2017-04-27 13:46:35,979 [10] BntWeb.Task.BackgroundService - (null) - 开始执行后台任务 "BntWeb.Wallet.Services.WalletTask" . [(null)]
2017-04-27 13:46:35,979 [7] BntWeb.Task.BackgroundService - (null) - 开始执行后台任务 "BntWeb.Core.SystemSettings.Services.ClearFilesTask" . [(null)]
2017-04-27 13:46:35,979 [13] BntWeb.Task.BackgroundService - (null) - 开始执行后台任务 "BntWeb.Core.SystemSettings.Services.ClearLogsTask" . [(null)]
2017-04-27 13:46:35,979 [8] BntWeb.Task.BackgroundService - (null) - 开始执行后台任务 "BntWeb.Activity.Services.ActivityOperateTask" . [(null)]
2017-04-27 13:46:36,447 [7] BntWeb.Task.BackgroundService - (null) - 开始执行后台任务 "BntWeb.OrderProcess.Services.OrderProcessTask" . [(null)]
2017-04-27 13:47:32,518 [10] BntWeb.Task.BackgroundService - (null) - 开始执行后台任务 "BntWeb.Core.SystemSettings.Services.ClearLogsTask" . [(null)]
2017-04-27 13:47:32,518 [13] BntWeb.Task.BackgroundService - (null) - 开始执行后台任务 "BntWeb.Core.SystemSettings.Services.ClearFilesTask" . [(null)]
2017-04-27 13:47:32,518 [8] BntWeb.Task.BackgroundService - (null) - 开始执行后台任务 "BntWeb.OrderProcess.Services.OrderProcessTask" . [(null)]
2017-04-27 13:47:32,518 [16] BntWeb.Task.BackgroundService - (null) - 开始执行后台任务 "BntWeb.Activity.Services.ActivityOperateTask" . [(null)]
2017-04-27 13:47:32,518 [7] BntWeb.Task.BackgroundService - (null) - 开始执行后台任务 "BntWeb.Wallet.Services.WalletTask" . [(null)]
2017-04-27 13:48:32,527 [10] BntWeb.Task.BackgroundService - (null) - 开始执行后台任务 "BntWeb.Core.SystemSettings.Services.ClearLogsTask" . [(null)]
2017-04-27 13:48:32,527 [16] BntWeb.Task.BackgroundService - (null) - 开始执行后台任务 "BntWeb.Core.SystemSettings.Services.ClearFilesTask" . [(null)]
2017-04-27 13:48:32,528 [19] BntWeb.Task.BackgroundService - (null) - 开始执行后台任务 "BntWeb.Wallet.Services.WalletTask" . [(null)]
2017-04-27 13:48:32,527 [7] BntWeb.Task.BackgroundService - (null) - 开始执行后台任务 "BntWeb.OrderProcess.Services.OrderProcessTask" . [(null)]
2017-04-27 13:48:32,527 [17] BntWeb.Task.BackgroundService - (null) - 开始执行后台任务 "BntWeb.Activity.Services.ActivityOperateTask" . [(null)]
2017-04-27 13:49:32,528 [19] BntWeb.Task.BackgroundService - (null) - 开始执行后台任务 "BntWeb.Core.SystemSettings.Services.ClearLogsTask" . [(null)]
2017-04-27 13:49:32,528 [7] BntWeb.Task.BackgroundService - (null) - 开始执行后台任务 "BntWeb.Wallet.Services.WalletTask" . [(null)]
2017-04-27 13:49:32,529 [10] BntWeb.Task.BackgroundService - (null) - 开始执行后台任务 "BntWeb.OrderProcess.Services.OrderProcessTask" . [(null)]
2017-04-27 13:49:32,528 [22] BntWeb.Task.BackgroundService - (null) - 开始执行后台任务 "BntWeb.Core.SystemSettings.Services.ClearFilesTask" . [(null)]
2017-04-27 13:49:32,528 [18] BntWeb.Task.BackgroundService - (null) - 开始执行后台任务 "BntWeb.Activity.Services.ActivityOperateTask" . [(null)]
2017-04-27 13:50:32,536 [20] BntWeb.Task.BackgroundService - (null) - 开始执行后台任务 "BntWeb.Core.SystemSettings.Services.ClearFilesTask" . [(null)]
2017-04-27 13:50:32,536 [13] BntWeb.Task.BackgroundService - (null) - 开始执行后台任务 "BntWeb.Core.SystemSettings.Services.ClearLogsTask" . [(null)]
2017-04-27 13:50:32,536 [21] BntWeb.Task.BackgroundService - (null) - 开始执行后台任务 "BntWeb.OrderProcess.Services.OrderProcessTask" . [(null)]
2017-04-27 13:50:32,536 [18] BntWeb.Task.BackgroundService - (null) - 开始执行后台任务 "BntWeb.Wallet.Services.WalletTask" . [(null)]
2017-04-27 13:50:32,536 [16] BntWeb.Task.BackgroundService - (null) - 开始执行后台任务 "BntWeb.Activity.Services.ActivityOperateTask" . [(null)]
2017-04-27 13:51:32,548 [7] BntWeb.Task.BackgroundService - (null) - 开始执行后台任务 "BntWeb.Core.SystemSettings.Services.ClearFilesTask" . [(null)]
2017-04-27 13:51:32,548 [18] BntWeb.Task.BackgroundService - (null) - 开始执行后台任务 "BntWeb.Wallet.Services.WalletTask" . [(null)]
2017-04-27 13:51:32,548 [13] BntWeb.Task.BackgroundService - (null) - 开始执行后台任务 "BntWeb.OrderProcess.Services.OrderProcessTask" . [(null)]
2017-04-27 13:51:32,548 [10] BntWeb.Task.BackgroundService - (null) - 开始执行后台任务 "BntWeb.Activity.Services.ActivityOperateTask" . [(null)]
2017-04-27 13:51:32,548 [21] BntWeb.Task.BackgroundService - (null) - 开始执行后台任务 "BntWeb.Core.SystemSettings.Services.ClearLogsTask" . [(null)]
2017-04-27 13:52:32,571 [18] BntWeb.Task.BackgroundService - (null) - 开始执行后台任务 "BntWeb.Core.SystemSettings.Services.ClearFilesTask" . [(null)]
2017-04-27 13:52:32,571 [7] BntWeb.Task.BackgroundService - (null) - 开始执行后台任务 "BntWeb.Activity.Services.ActivityOperateTask" . [(null)]
2017-04-27 13:52:32,571 [10] BntWeb.Task.BackgroundService - (null) - 开始执行后台任务 "BntWeb.Core.SystemSettings.Services.ClearLogsTask" . [(null)]
2017-04-27 13:52:32,571 [13] BntWeb.Task.BackgroundService - (null) - 开始执行后台任务 "BntWeb.Wallet.Services.WalletTask" . [(null)]
2017-04-27 13:52:32,571 [21] BntWeb.Task.BackgroundService - (null) - 开始执行后台任务 "BntWeb.OrderProcess.Services.OrderProcessTask" . [(null)]
2017-04-27 13:53:32,582 [20] BntWeb.Task.BackgroundService - (null) - 开始执行后台任务 "BntWeb.Wallet.Services.WalletTask" . [(null)]
2017-04-27 13:53:32,582 [27] BntWeb.Task.BackgroundService - (null) - 开始执行后台任务 "BntWeb.Core.SystemSettings.Services.ClearLogsTask" . [(null)]
2017-04-27 13:53:32,582 [31] BntWeb.Task.BackgroundService - (null) - 开始执行后台任务 "BntWeb.Activity.Services.ActivityOperateTask" . [(null)]
2017-04-27 13:53:32,583 [7] BntWeb.Task.BackgroundService - (null) - 开始执行后台任务 "BntWeb.OrderProcess.Services.OrderProcessTask" . [(null)]
2017-04-27 13:53:32,582 [10] BntWeb.Task.BackgroundService - (null) - 开始执行后台任务 "BntWeb.Core.SystemSettings.Services.ClearFilesTask" . [(null)]
2017-04-27 13:54:32,585 [30] BntWeb.Task.BackgroundService - (null) - 开始执行后台任务 "BntWeb.Core.SystemSettings.Services.ClearFilesTask" . [(null)]
2017-04-27 13:54:32,585 [21] BntWeb.Task.BackgroundService - (null) - 开始执行后台任务 "BntWeb.Activity.Services.ActivityOperateTask" . [(null)]
2017-04-27 13:54:32,585 [18] BntWeb.Task.BackgroundService - (null) - 开始执行后台任务 "BntWeb.OrderProcess.Services.OrderProcessTask" . [(null)]
2017-04-27 13:54:32,585 [27] BntWeb.Task.BackgroundService - (null) - 开始执行后台任务 "BntWeb.Wallet.Services.WalletTask" . [(null)]
2017-04-27 13:54:32,585 [13] BntWeb.Task.BackgroundService - (null) - 开始执行后台任务 "BntWeb.Core.SystemSettings.Services.ClearLogsTask" . [(null)]
2017-04-27 13:55:32,597 [19] BntWeb.Task.BackgroundService - (null) - 开始执行后台任务 "BntWeb.Wallet.Services.WalletTask" . [(null)]
2017-04-27 13:55:32,597 [13] BntWeb.Task.BackgroundService - (null) - 开始执行后台任务 "BntWeb.Activity.Services.ActivityOperateTask" . [(null)]
2017-04-27 13:55:32,598 [18] BntWeb.Task.BackgroundService - (null) - 开始执行后台任务 "BntWeb.OrderProcess.Services.OrderProcessTask" . [(null)]
2017-04-27 13:55:32,597 [10] BntWeb.Task.BackgroundService - (null) - 开始执行后台任务 "BntWeb.Core.SystemSettings.Services.ClearLogsTask" . [(null)]
2017-04-27 13:55:32,597 [31] BntWeb.Task.BackgroundService - (null) - 开始执行后台任务 "BntWeb.Core.SystemSettings.Services.ClearFilesTask" . [(null)]
2017-04-27 13:56:32,609 [18] BntWeb.Task.BackgroundService - (null) - 开始执行后台任务 "BntWeb.Wallet.Services.WalletTask" . [(null)]
2017-04-27 13:56:32,609 [10] BntWeb.Task.BackgroundService - (null) - 开始执行后台任务 "BntWeb.Core.SystemSettings.Services.ClearFilesTask" . [(null)]
2017-04-27 13:56:32,609 [31] BntWeb.Task.BackgroundService - (null) - 开始执行后台任务 "BntWeb.Activity.Services.ActivityOperateTask" . [(null)]
2017-04-27 13:56:32,609 [13] BntWeb.Task.BackgroundService - (null) - 开始执行后台任务 "BntWeb.Core.SystemSettings.Services.ClearLogsTask" . [(null)]
2017-04-27 13:56:32,609 [7] BntWeb.Task.BackgroundService - (null) - 开始执行后台任务 "BntWeb.OrderProcess.Services.OrderProcessTask" . [(null)]
2017-04-27 13:57:32,621 [7] BntWeb.Task.BackgroundService - (null) - 开始执行后台任务 "BntWeb.Core.SystemSettings.Services.ClearFilesTask" . [(null)]
2017-04-27 13:57:32,621 [27] BntWeb.Task.BackgroundService - (null) - 开始执行后台任务 "BntWeb.Wallet.Services.WalletTask" . [(null)]
2017-04-27 13:57:32,621 [10] BntWeb.Task.BackgroundService - (null) - 开始执行后台任务 "BntWeb.Core.SystemSettings.Services.ClearLogsTask" . [(null)]
2017-04-27 13:57:32,622 [20] BntWeb.Task.BackgroundService - (null) - 开始执行后台任务 "BntWeb.OrderProcess.Services.OrderProcessTask" . [(null)]
2017-04-27 13:57:32,621 [18] BntWeb.Task.BackgroundService - (null) - 开始执行后台任务 "BntWeb.Activity.Services.ActivityOperateTask" . [(null)]
2017-04-27 13:58:32,633 [13] BntWeb.Task.BackgroundService - (null) - 开始执行后台任务 "BntWeb.Core.SystemSettings.Services.ClearFilesTask" . [(null)]
2017-04-27 13:58:32,633 [10] BntWeb.Task.BackgroundService - (null) - 开始执行后台任务 "BntWeb.Wallet.Services.WalletTask" . [(null)]
2017-04-27 13:58:32,633 [21] BntWeb.Task.BackgroundService - (null) - 开始执行后台任务 "BntWeb.Core.SystemSettings.Services.ClearLogsTask" . [(null)]
2017-04-27 13:58:32,633 [18] BntWeb.Task.BackgroundService - (null) - 开始执行后台任务 "BntWeb.OrderProcess.Services.OrderProcessTask" . [(null)]
2017-04-27 13:58:32,633 [19] BntWeb.Task.BackgroundService - (null) - 开始执行后台任务 "BntWeb.Activity.Services.ActivityOperateTask" . [(null)]
2017-04-27 13:59:32,647 [19] BntWeb.Task.BackgroundService - (null) - 开始执行后台任务 "BntWeb.Core.SystemSettings.Services.ClearFilesTask" . [(null)]
2017-04-27 13:59:32,647 [30] BntWeb.Task.BackgroundService - (null) - 开始执行后台任务 "BntWeb.Activity.Services.ActivityOperateTask" . [(null)]
2017-04-27 13:59:32,647 [13] BntWeb.Task.BackgroundService - (null) - 开始执行后台任务 "BntWeb.Core.SystemSettings.Services.ClearLogsTask" . [(null)]
2017-04-27 13:59:32,647 [7] BntWeb.Task.BackgroundService - (null) - 开始执行后台任务 "BntWeb.OrderProcess.Services.OrderProcessTask" . [(null)]
2017-04-27 13:59:32,647 [20] BntWeb.Task.BackgroundService - (null) - 开始执行后台任务 "BntWeb.Wallet.Services.WalletTask" . [(null)]
2017-04-27 14:00:32,653 [18] BntWeb.Task.BackgroundService - (null) - 开始执行后台任务 "BntWeb.Core.SystemSettings.Services.ClearLogsTask" . [(null)]
2017-04-27 14:00:32,653 [27] BntWeb.Task.BackgroundService - (null) - 开始执行后台任务 "BntWeb.Wallet.Services.WalletTask" . [(null)]
2017-04-27 14:00:32,653 [30] BntWeb.Task.BackgroundService - (null) - 开始执行后台任务 "BntWeb.Activity.Services.ActivityOperateTask" . [(null)]
2017-04-27 14:00:32,653 [21] BntWeb.Task.BackgroundService - (null) - 开始执行后台任务 "BntWeb.OrderProcess.Services.OrderProcessTask" . [(null)]
2017-04-27 14:00:32,653 [13] BntWeb.Task.BackgroundService - (null) - 开始执行后台任务 "BntWeb.Core.SystemSettings.Services.ClearFilesTask" . [(null)]
2017-04-27 14:01:32,657 [27] BntWeb.Task.BackgroundService - (null) - 开始执行后台任务 "BntWeb.Core.SystemSettings.Services.ClearFilesTask" . [(null)]
2017-04-27 14:01:32,657 [20] BntWeb.Task.BackgroundService - (null) - 开始执行后台任务 "BntWeb.Activity.Services.ActivityOperateTask" . [(null)]
2017-04-27 14:01:32,657 [10] BntWeb.Task.BackgroundService - (null) - 开始执行后台任务 "BntWeb.Wallet.Services.WalletTask" . [(null)]
2017-04-27 14:01:32,657 [21] BntWeb.Task.BackgroundService - (null) - 开始执行后台任务 "BntWeb.Core.SystemSettings.Services.ClearLogsTask" . [(null)]
2017-04-27 14:01:32,657 [31] BntWeb.Task.BackgroundService - (null) - 开始执行后台任务 "BntWeb.OrderProcess.Services.OrderProcessTask" . [(null)]
2017-04-27 14:02:32,670 [18] BntWeb.Task.BackgroundService - (null) - 开始执行后台任务 "BntWeb.Core.SystemSettings.Services.ClearFilesTask" . [(null)]
2017-04-27 14:02:32,670 [20] BntWeb.Task.BackgroundService - (null) - 开始执行后台任务 "BntWeb.Wallet.Services.WalletTask" . [(null)]
2017-04-27 14:02:32,670 [10] BntWeb.Task.BackgroundService - (null) - 开始执行后台任务 "BntWeb.OrderProcess.Services.OrderProcessTask" . [(null)]
2017-04-27 14:02:32,670 [7] BntWeb.Task.BackgroundService - (null) - 开始执行后台任务 "BntWeb.Activity.Services.ActivityOperateTask" . [(null)]
2017-04-27 14:02:32,670 [19] BntWeb.Task.BackgroundService - (null) - 开始执行后台任务 "BntWeb.Core.SystemSettings.Services.ClearLogsTask" . [(null)]
2017-04-27 14:03:32,684 [30] BntWeb.Task.BackgroundService - (null) - 开始执行后台任务 "BntWeb.Activity.Services.ActivityOperateTask" . [(null)]
2017-04-27 14:03:32,684 [21] BntWeb.Task.BackgroundService - (null) - 开始执行后台任务 "BntWeb.Core.SystemSettings.Services.ClearFilesTask" . [(null)]
2017-04-27 14:03:32,684 [27] BntWeb.Task.BackgroundService - (null) - 开始执行后台任务 "BntWeb.OrderProcess.Services.OrderProcessTask" . [(null)]
2017-04-27 14:03:32,684 [7] BntWeb.Task.BackgroundService - (null) - 开始执行后台任务 "BntWeb.Wallet.Services.WalletTask" . [(null)]
2017-04-27 14:03:32,684 [20] BntWeb.Task.BackgroundService - (null) - 开始执行后台任务 "BntWeb.Core.SystemSettings.Services.ClearLogsTask" . [(null)]
2017-04-27 14:04:32,699 [27] BntWeb.Task.BackgroundService - (null) - 开始执行后台任务 "BntWeb.Core.SystemSettings.Services.ClearFilesTask" . [(null)]
2017-04-27 14:04:32,699 [7] BntWeb.Task.BackgroundService - (null) - 开始执行后台任务 "BntWeb.Wallet.Services.WalletTask" . [(null)]
2017-04-27 14:04:32,699 [19] BntWeb.Task.BackgroundService - (null) - 开始执行后台任务 "BntWeb.OrderProcess.Services.OrderProcessTask" . [(null)]
2017-04-27 14:04:32,699 [21] BntWeb.Task.BackgroundService - (null) - 开始执行后台任务 "BntWeb.Core.SystemSettings.Services.ClearLogsTask" . [(null)]
2017-04-27 14:04:32,699 [10] BntWeb.Task.BackgroundService - (null) - 开始执行后台任务 "BntWeb.Activity.Services.ActivityOperateTask" . [(null)]
2017-04-27 14:05:32,704 [7] BntWeb.Task.BackgroundService - (null) - 开始执行后台任务 "BntWeb.Core.SystemSettings.Services.ClearFilesTask" . [(null)]
2017-04-27 14:05:32,704 [20] BntWeb.Task.BackgroundService - (null) - 开始执行后台任务 "BntWeb.Activity.Services.ActivityOperateTask" . [(null)]
2017-04-27 14:05:32,704 [31] BntWeb.Task.BackgroundService - (null) - 开始执行后台任务 "BntWeb.Wallet.Services.WalletTask" . [(null)]
2017-04-27 14:05:32,704 [10] BntWeb.Task.BackgroundService - (null) - 开始执行后台任务 "BntWeb.Core.SystemSettings.Services.ClearLogsTask" . [(null)]
2017-04-27 14:05:32,704 [21] BntWeb.Task.BackgroundService - (null) - 开始执行后台任务 "BntWeb.OrderProcess.Services.OrderProcessTask" . [(null)]
2017-04-27 14:06:32,709 [7] BntWeb.Task.BackgroundService - (null) - 开始执行后台任务 "BntWeb.Core.SystemSettings.Services.ClearFilesTask" . [(null)]
2017-04-27 14:06:32,709 [19] BntWeb.Task.BackgroundService - (null) - 开始执行后台任务 "BntWeb.Wallet.Services.WalletTask" . [(null)]
2017-04-27 14:06:32,709 [30] BntWeb.Task.BackgroundService - (null) - 开始执行后台任务 "BntWeb.Activity.Services.ActivityOperateTask" . [(null)]
2017-04-27 14:06:32,709 [20] BntWeb.Task.BackgroundService - (null) - 开始执行后台任务 "BntWeb.OrderProcess.Services.OrderProcessTask" . [(null)]
2017-04-27 14:06:32,709 [18] BntWeb.Task.BackgroundService - (null) - 开始执行后台任务 "BntWeb.Core.SystemSettings.Services.ClearLogsTask" . [(null)]
2017-04-27 14:07:32,720 [10] BntWeb.Task.BackgroundService - (null) - 开始执行后台任务 "BntWeb.Core.SystemSettings.Services.ClearLogsTask" . [(null)]
2017-04-27 14:07:32,720 [19] BntWeb.Task.BackgroundService - (null) - 开始执行后台任务 "BntWeb.Activity.Services.ActivityOperateTask" . [(null)]
2017-04-27 14:07:32,720 [30] BntWeb.Task.BackgroundService - (null) - 开始执行后台任务 "BntWeb.OrderProcess.Services.OrderProcessTask" . [(null)]
2017-04-27 14:07:32,720 [13] BntWeb.Task.BackgroundService - (null) - 开始执行后台任务 "BntWeb.Wallet.Services.WalletTask" . [(null)]
2017-04-27 14:07:32,720 [20] BntWeb.Task.BackgroundService - (null) - 开始执行后台任务 "BntWeb.Core.SystemSettings.Services.ClearFilesTask" . [(null)]
2017-04-27 14:08:32,738 [7] BntWeb.Task.BackgroundService - (null) - 开始执行后台任务 "BntWeb.Core.SystemSettings.Services.ClearFilesTask" . [(null)]
2017-04-27 14:08:32,738 [10] BntWeb.Task.BackgroundService - (null) - 开始执行后台任务 "BntWeb.Wallet.Services.WalletTask" . [(null)]
2017-04-27 14:08:32,738 [13] BntWeb.Task.BackgroundService - (null) - 开始执行后台任务 "BntWeb.Core.SystemSettings.Services.ClearLogsTask" . [(null)]
2017-04-27 14:08:32,738 [27] BntWeb.Task.BackgroundService - (null) - 开始执行后台任务 "BntWeb.Activity.Services.ActivityOperateTask" . [(null)]
2017-04-27 14:08:32,738 [21] BntWeb.Task.BackgroundService - (null) - 开始执行后台任务 "BntWeb.OrderProcess.Services.OrderProcessTask" . [(null)]
2017-04-27 14:09:32,737 [30] BntWeb.Task.BackgroundService - (null) - 开始执行后台任务 "BntWeb.Core.SystemSettings.Services.ClearFilesTask" . [(null)]
2017-04-27 14:09:32,737 [10] BntWeb.Task.BackgroundService - (null) - 开始执行后台任务 "BntWeb.Core.SystemSettings.Services.ClearLogsTask" . [(null)]
2017-04-27 14:09:32,737 [7] BntWeb.Task.BackgroundService - (null) - 开始执行后台任务 "BntWeb.OrderProcess.Services.OrderProcessTask" . [(null)]
2017-04-27 14:09:32,737 [27] BntWeb.Task.BackgroundService - (null) - 开始执行后台任务 "BntWeb.Wallet.Services.WalletTask" . [(null)]
2017-04-27 14:09:32,737 [18] BntWeb.Task.BackgroundService - (null) - 开始执行后台任务 "BntWeb.Activity.Services.ActivityOperateTask" . [(null)]
2017-04-27 14:10:32,747 [27] BntWeb.Task.BackgroundService - (null) - 开始执行后台任务 "BntWeb.Core.SystemSettings.Services.ClearFilesTask" . [(null)]
2017-04-27 14:10:32,747 [13] BntWeb.Task.BackgroundService - (null) - 开始执行后台任务 "BntWeb.OrderProcess.Services.OrderProcessTask" . [(null)]
2017-04-27 14:10:32,747 [21] BntWeb.Task.BackgroundService - (null) - 开始执行后台任务 "BntWeb.Activity.Services.ActivityOperateTask" . [(null)]
2017-04-27 14:10:32,747 [18] BntWeb.Task.BackgroundService - (null) - 开始执行后台任务 "BntWeb.Core.SystemSettings.Services.ClearLogsTask" . [(null)]
2017-04-27 14:10:32,747 [19] BntWeb.Task.BackgroundService - (null) - 开始执行后台任务 "BntWeb.Wallet.Services.WalletTask" . [(null)]
2017-04-27 14:11:32,747 [10] BntWeb.Task.BackgroundService - (null) - 开始执行后台任务 "BntWeb.Wallet.Services.WalletTask" . [(null)]
2017-04-27 14:11:32,747 [18] BntWeb.Task.BackgroundService - (null) - 开始执行后台任务 "BntWeb.Activity.Services.ActivityOperateTask" . [(null)]
2017-04-27 14:11:32,747 [19] BntWeb.Task.BackgroundService - (null) - 开始执行后台任务 "BntWeb.Core.SystemSettings.Services.ClearFilesTask" . [(null)]
2017-04-27 14:11:32,747 [30] BntWeb.Task.BackgroundService - (null) - 开始执行后台任务 "BntWeb.Core.SystemSettings.Services.ClearLogsTask" . [(null)]
2017-04-27 14:11:32,747 [31] BntWeb.Task.BackgroundService - (null) - 开始执行后台任务 "BntWeb.OrderProcess.Services.OrderProcessTask" . [(null)]
2017-04-27 14:12:32,749 [30] BntWeb.Task.BackgroundService - (null) - 开始执行后台任务 "BntWeb.Core.SystemSettings.Services.ClearLogsTask" . [(null)]
2017-04-27 14:12:32,749 [10] BntWeb.Task.BackgroundService - (null) - 开始执行后台任务 "BntWeb.Core.SystemSettings.Services.ClearFilesTask" . [(null)]
2017-04-27 14:12:32,749 [31] BntWeb.Task.BackgroundService - (null) - 开始执行后台任务 "BntWeb.OrderProcess.Services.OrderProcessTask" . [(null)]
2017-04-27 14:12:32,749 [13] BntWeb.Task.BackgroundService - (null) - 开始执行后台任务 "BntWeb.Activity.Services.ActivityOperateTask" . [(null)]
2017-04-27 14:12:32,749 [7] BntWeb.Task.BackgroundService - (null) - 开始执行后台任务 "BntWeb.Wallet.Services.WalletTask" . [(null)]
2017-04-27 14:13:32,763 [21] BntWeb.Task.BackgroundService - (null) - 开始执行后台任务 "BntWeb.Core.SystemSettings.Services.ClearLogsTask" . [(null)]
2017-04-27 14:13:32,763 [13] BntWeb.Task.BackgroundService - (null) - 开始执行后台任务 "BntWeb.Wallet.Services.WalletTask" . [(null)]
2017-04-27 14:13:32,763 [27] BntWeb.Task.BackgroundService - (null) - 开始执行后台任务 "BntWeb.Activity.Services.ActivityOperateTask" . [(null)]
2017-04-27 14:13:32,763 [31] BntWeb.Task.BackgroundService - (null) - 开始执行后台任务 "BntWeb.Core.SystemSettings.Services.ClearFilesTask" . [(null)]
2017-04-27 14:13:32,763 [18] BntWeb.Task.BackgroundService - (null) - 开始执行后台任务 "BntWeb.OrderProcess.Services.OrderProcessTask" . [(null)]
2017-04-27 14:14:32,771 [31] BntWeb.Task.BackgroundService - (null) - 开始执行后台任务 "BntWeb.Core.SystemSettings.Services.ClearLogsTask" . [(null)]
2017-04-27 14:14:32,771 [7] BntWeb.Task.BackgroundService - (null) - 开始执行后台任务 "BntWeb.Wallet.Services.WalletTask" . [(null)]
2017-04-27 14:14:32,771 [18] BntWeb.Task.BackgroundService - (null) - 开始执行后台任务 "BntWeb.Activity.Services.ActivityOperateTask" . [(null)]
2017-04-27 14:14:32,771 [30] BntWeb.Task.BackgroundService - (null) - 开始执行后台任务 "BntWeb.OrderProcess.Services.OrderProcessTask" . [(null)]
2017-04-27 14:14:32,771 [27] BntWeb.Task.BackgroundService - (null) - 开始执行后台任务 "BntWeb.Core.SystemSettings.Services.ClearFilesTask" . [(null)]
2017-04-27 14:15:32,781 [21] BntWeb.Task.BackgroundService - (null) - 开始执行后台任务 "BntWeb.Wallet.Services.WalletTask" . [(null)]
2017-04-27 14:15:32,781 [18] BntWeb.Task.BackgroundService - (null) - 开始执行后台任务 "BntWeb.Activity.Services.ActivityOperateTask" . [(null)]
2017-04-27 14:15:32,781 [20] BntWeb.Task.BackgroundService - (null) - 开始执行后台任务 "BntWeb.Core.SystemSettings.Services.ClearLogsTask" . [(null)]
2017-04-27 14:15:32,781 [7] BntWeb.Task.BackgroundService - (null) - 开始执行后台任务 "BntWeb.Core.SystemSettings.Services.ClearFilesTask" . [(null)]
2017-04-27 14:15:32,781 [10] BntWeb.Task.BackgroundService - (null) - 开始执行后台任务 "BntWeb.OrderProcess.Services.OrderProcessTask" . [(null)]
2017-04-27 14:16:32,793 [13] BntWeb.Task.BackgroundService - (null) - 开始执行后台任务 "BntWeb.Wallet.Services.WalletTask" . [(null)]
2017-04-27 14:16:32,793 [20] BntWeb.Task.BackgroundService - (null) - 开始执行后台任务 "BntWeb.Core.SystemSettings.Services.ClearFilesTask" . [(null)]
2017-04-27 14:16:32,793 [31] BntWeb.Task.BackgroundService - (null) - 开始执行后台任务 "BntWeb.OrderProcess.Services.OrderProcessTask" . [(null)]
2017-04-27 14:16:32,793 [21] BntWeb.Task.BackgroundService - (null) - 开始执行后台任务 "BntWeb.Core.SystemSettings.Services.ClearLogsTask" . [(null)]
2017-04-27 14:16:32,793 [10] BntWeb.Task.BackgroundService - (null) - 开始执行后台任务 "BntWeb.Activity.Services.ActivityOperateTask" . [(null)]
2017-04-27 14:17:32,802 [31] BntWeb.Task.BackgroundService - (null) - 开始执行后台任务 "BntWeb.Core.SystemSettings.Services.ClearFilesTask" . [(null)]
2017-04-27 14:17:32,802 [18] BntWeb.Task.BackgroundService - (null) - 开始执行后台任务 "BntWeb.Core.SystemSettings.Services.ClearLogsTask" . [(null)]
2017-04-27 14:17:32,802 [20] BntWeb.Task.BackgroundService - (null) - 开始执行后台任务 "BntWeb.OrderProcess.Services.OrderProcessTask" . [(null)]
2017-04-27 14:17:32,802 [27] BntWeb.Task.BackgroundService - (null) - 开始执行后台任务 "BntWeb.Activity.Services.ActivityOperateTask" . [(null)]
2017-04-27 14:17:32,802 [13] BntWeb.Task.BackgroundService - (null) - 开始执行后台任务 "BntWeb.Wallet.Services.WalletTask" . [(null)]
2017-04-27 14:18:32,810 [10] BntWeb.Task.BackgroundService - (null) - 开始执行后台任务 "BntWeb.Wallet.Services.WalletTask" . [(null)]
2017-04-27 14:18:32,810 [21] BntWeb.Task.BackgroundService - (null) - 开始执行后台任务 "BntWeb.Core.SystemSettings.Services.ClearFilesTask" . [(null)]
2017-04-27 14:18:32,810 [19] BntWeb.Task.BackgroundService - (null) - 开始执行后台任务 "BntWeb.Activity.Services.ActivityOperateTask" . [(null)]
2017-04-27 14:18:32,810 [27] BntWeb.Task.BackgroundService - (null) - 开始执行后台任务 "BntWeb.Core.SystemSettings.Services.ClearLogsTask" . [(null)]
2017-04-27 14:18:32,810 [18] BntWeb.Task.BackgroundService - (null) - 开始执行后台任务 "BntWeb.OrderProcess.Services.OrderProcessTask" . [(null)]
2017-04-27 14:19:32,833 [18] BntWeb.Task.BackgroundService - (null) - 开始执行后台任务 "BntWeb.Core.SystemSettings.Services.ClearFilesTask" . [(null)]
2017-04-27 14:19:32,833 [10] BntWeb.Task.BackgroundService - (null) - 开始执行后台任务 "BntWeb.Wallet.Services.WalletTask" . [(null)]
2017-04-27 14:19:32,833 [19] BntWeb.Task.BackgroundService - (null) - 开始执行后台任务 "BntWeb.Activity.Services.ActivityOperateTask" . [(null)]
2017-04-27 14:19:32,833 [30] BntWeb.Task.BackgroundService - (null) - 开始执行后台任务 "BntWeb.Core.SystemSettings.Services.ClearLogsTask" . [(null)]
2017-04-27 14:19:32,833 [20] BntWeb.Task.BackgroundService - (null) - 开始执行后台任务 "BntWeb.OrderProcess.Services.OrderProcessTask" . [(null)]
2017-04-27 14:20:32,833 [21] BntWeb.Task.BackgroundService - (null) - 开始执行后台任务 "BntWeb.Core.SystemSettings.Services.ClearFilesTask" . [(null)]
2017-04-27 14:20:32,833 [7] BntWeb.Task.BackgroundService - (null) - 开始执行后台任务 "BntWeb.Core.SystemSettings.Services.ClearLogsTask" . [(null)]
2017-04-27 14:20:32,833 [18] BntWeb.Task.BackgroundService - (null) - 开始执行后台任务 "BntWeb.OrderProcess.Services.OrderProcessTask" . [(null)]
2017-04-27 14:20:32,833 [19] BntWeb.Task.BackgroundService - (null) - 开始执行后台任务 "BntWeb.Wallet.Services.WalletTask" . [(null)]
2017-04-27 14:20:32,833 [31] BntWeb.Task.BackgroundService - (null) - 开始执行后台任务 "BntWeb.Activity.Services.ActivityOperateTask" . [(null)]
2017-04-27 14:21:32,843 [18] BntWeb.Task.BackgroundService - (null) - 开始执行后台任务 "BntWeb.Activity.Services.ActivityOperateTask" . [(null)]
2017-04-27 14:21:32,843 [19] BntWeb.Task.BackgroundService - (null) - 开始执行后台任务 "BntWeb.Core.SystemSettings.Services.ClearLogsTask" . [(null)]
2017-04-27 14:21:32,843 [10] BntWeb.Task.BackgroundService - (null) - 开始执行后台任务 "BntWeb.OrderProcess.Services.OrderProcessTask" . [(null)]
2017-04-27 14:21:32,843 [30] BntWeb.Task.BackgroundService - (null) - 开始执行后台任务 "BntWeb.Core.SystemSettings.Services.ClearFilesTask" . [(null)]
2017-04-27 14:21:32,843 [21] BntWeb.Task.BackgroundService - (null) - 开始执行后台任务 "BntWeb.Wallet.Services.WalletTask" . [(null)]
2017-04-27 14:22:32,852 [27] BntWeb.Task.BackgroundService - (null) - 开始执行后台任务 "BntWeb.Core.SystemSettings.Services.ClearLogsTask" . [(null)]
2017-04-27 14:22:32,852 [31] BntWeb.Task.BackgroundService - (null) - 开始执行后台任务 "BntWeb.Wallet.Services.WalletTask" . [(null)]
2017-04-27 14:22:32,852 [18] BntWeb.Task.BackgroundService - (null) - 开始执行后台任务 "BntWeb.OrderProcess.Services.OrderProcessTask" . [(null)]
2017-04-27 14:22:32,852 [13] BntWeb.Task.BackgroundService - (null) - 开始执行后台任务 "BntWeb.Activity.Services.ActivityOperateTask" . [(null)]
2017-04-27 14:22:32,852 [10] BntWeb.Task.BackgroundService - (null) - 开始执行后台任务 "BntWeb.Core.SystemSettings.Services.ClearFilesTask" . [(null)]
2017-04-27 14:23:32,863 [27] BntWeb.Task.BackgroundService - (null) - 开始执行后台任务 "BntWeb.Core.SystemSettings.Services.ClearLogsTask" . [(null)]
2017-04-27 14:23:32,863 [31] BntWeb.Task.BackgroundService - (null) - 开始执行后台任务 "BntWeb.Activity.Services.ActivityOperateTask" . [(null)]
2017-04-27 14:23:32,863 [10] BntWeb.Task.BackgroundService - (null) - 开始执行后台任务 "BntWeb.Core.SystemSettings.Services.ClearFilesTask" . [(null)]
2017-04-27 14:23:32,863 [20] BntWeb.Task.BackgroundService - (null) - 开始执行后台任务 "BntWeb.Wallet.Services.WalletTask" . [(null)]
2017-04-27 14:23:32,863 [13] BntWeb.Task.BackgroundService - (null) - 开始执行后台任务 "BntWeb.OrderProcess.Services.OrderProcessTask" . [(null)]
2017-04-27 14:24:32,883 [10] BntWeb.Task.BackgroundService - (null) - 开始执行后台任务 "BntWeb.Core.SystemSettings.Services.ClearFilesTask" . [(null)]
2017-04-27 14:24:32,883 [31] BntWeb.Task.BackgroundService - (null) - 开始执行后台任务 "BntWeb.Activity.Services.ActivityOperateTask" . [(null)]
2017-04-27 14:24:32,883 [21] BntWeb.Task.BackgroundService - (null) - 开始执行后台任务 "BntWeb.OrderProcess.Services.OrderProcessTask" . [(null)]
2017-04-27 14:24:32,883 [13] BntWeb.Task.BackgroundService - (null) - 开始执行后台任务 "BntWeb.Wallet.Services.WalletTask" . [(null)]
2017-04-27 14:24:32,883 [30] BntWeb.Task.BackgroundService - (null) - 开始执行后台任务 "BntWeb.Core.SystemSettings.Services.ClearLogsTask" . [(null)]
2017-04-27 14:25:32,893 [21] BntWeb.Task.BackgroundService - (null) - 开始执行后台任务 "BntWeb.Core.SystemSettings.Services.ClearLogsTask" . [(null)]
2017-04-27 14:25:32,893 [20] BntWeb.Task.BackgroundService - (null) - 开始执行后台任务 "BntWeb.Wallet.Services.WalletTask" . [(null)]
2017-04-27 14:25:32,893 [31] BntWeb.Task.BackgroundService - (null) - 开始执行后台任务 "BntWeb.Core.SystemSettings.Services.ClearFilesTask" . [(null)]
2017-04-27 14:25:32,893 [18] BntWeb.Task.BackgroundService - (null) - 开始执行后台任务 "BntWeb.Activity.Services.ActivityOperateTask" . [(null)]
2017-04-27 14:25:32,893 [27] BntWeb.Task.BackgroundService - (null) - 开始执行后台任务 "BntWeb.OrderProcess.Services.OrderProcessTask" . [(null)]
2017-04-27 14:26:32,911 [30] BntWeb.Task.BackgroundService - (null) - 开始执行后台任务 "BntWeb.Wallet.Services.WalletTask" . [(null)]
2017-04-27 14:26:32,912 [21] BntWeb.Task.BackgroundService - (null) - 开始执行后台任务 "BntWeb.Core.SystemSettings.Services.ClearFilesTask" . [(null)]
2017-04-27 14:26:32,913 [7] BntWeb.Task.BackgroundService - (null) - 开始执行后台任务 "BntWeb.Activity.Services.ActivityOperateTask" . [(null)]
2017-04-27 14:26:32,913 [18] BntWeb.Task.BackgroundService - (null) - 开始执行后台任务 "BntWeb.OrderProcess.Services.OrderProcessTask" . [(null)]
2017-04-27 14:26:32,912 [20] BntWeb.Task.BackgroundService - (null) - 开始执行后台任务 "BntWeb.Core.SystemSettings.Services.ClearLogsTask" . [(null)]
2017-04-27 14:27:32,920 [31] BntWeb.Task.BackgroundService - (null) - 开始执行后台任务 "BntWeb.Core.SystemSettings.Services.ClearFilesTask" . [(null)]
2017-04-27 14:27:32,920 [20] BntWeb.Task.BackgroundService - (null) - 开始执行后台任务 "BntWeb.Core.SystemSettings.Services.ClearLogsTask" . [(null)]
2017-04-27 14:27:32,920 [27] BntWeb.Task.BackgroundService - (null) - 开始执行后台任务 "BntWeb.Wallet.Services.WalletTask" . [(null)]
2017-04-27 14:27:32,920 [7] BntWeb.Task.BackgroundService - (null) - 开始执行后台任务 "BntWeb.OrderProcess.Services.OrderProcessTask" . [(null)]
2017-04-27 14:27:32,920 [21] BntWeb.Task.BackgroundService - (null) - 开始执行后台任务 "BntWeb.Activity.Services.ActivityOperateTask" . [(null)]
2017-04-27 14:28:32,919 [20] BntWeb.Task.BackgroundService - (null) - 开始执行后台任务 "BntWeb.Wallet.Services.WalletTask" . [(null)]
2017-04-27 14:28:32,919 [27] BntWeb.Task.BackgroundService - (null) - 开始执行后台任务 "BntWeb.Activity.Services.ActivityOperateTask" . [(null)]
2017-04-27 14:28:32,919 [30] BntWeb.Task.BackgroundService - (null) - 开始执行后台任务 "BntWeb.OrderProcess.Services.OrderProcessTask" . [(null)]
2017-04-27 14:28:32,919 [21] BntWeb.Task.BackgroundService - (null) - 开始执行后台任务 "BntWeb.Core.SystemSettings.Services.ClearFilesTask" . [(null)]
2017-04-27 14:28:32,919 [10] BntWeb.Task.BackgroundService - (null) - 开始执行后台任务 "BntWeb.Core.SystemSettings.Services.ClearLogsTask" . [(null)]
2017-04-27 14:29:32,930 [21] BntWeb.Task.BackgroundService - (null) - 开始执行后台任务 "BntWeb.Wallet.Services.WalletTask" . [(null)]
2017-04-27 14:29:32,930 [30] BntWeb.Task.BackgroundService - (null) - 开始执行后台任务 "BntWeb.Core.SystemSettings.Services.ClearLogsTask" . [(null)]
2017-04-27 14:29:32,930 [10] BntWeb.Task.BackgroundService - (null) - 开始执行后台任务 "BntWeb.Core.SystemSettings.Services.ClearFilesTask" . [(null)]
2017-04-27 14:29:32,930 [20] BntWeb.Task.BackgroundService - (null) - 开始执行后台任务 "BntWeb.Activity.Services.ActivityOperateTask" . [(null)]
2017-04-27 14:29:32,930 [19] BntWeb.Task.BackgroundService - (null) - 开始执行后台任务 "BntWeb.OrderProcess.Services.OrderProcessTask" . [(null)]
2017-04-27 14:30:32,935 [27] BntWeb.Task.BackgroundService - (null) - 开始执行后台任务 "BntWeb.Core.SystemSettings.Services.ClearLogsTask" . [(null)]
2017-04-27 14:30:32,935 [7] BntWeb.Task.BackgroundService - (null) - 开始执行后台任务 "BntWeb.Core.SystemSettings.Services.ClearFilesTask" . [(null)]
2017-04-27 14:30:32,935 [10] BntWeb.Task.BackgroundService - (null) - 开始执行后台任务 "BntWeb.Wallet.Services.WalletTask" . [(null)]
2017-04-27 14:30:32,936 [20] BntWeb.Task.BackgroundService - (null) - 开始执行后台任务 "BntWeb.Activity.Services.ActivityOperateTask" . [(null)]
2017-04-27 14:30:32,936 [19] BntWeb.Task.BackgroundService - (null) - 开始执行后台任务 "BntWeb.OrderProcess.Services.OrderProcessTask" . [(null)]
2017-04-27 14:31:32,950 [18] BntWeb.Task.BackgroundService - (null) - 开始执行后台任务 "BntWeb.Core.SystemSettings.Services.ClearFilesTask" . [(null)]
2017-04-27 14:31:32,950 [20] BntWeb.Task.BackgroundService - (null) - 开始执行后台任务 "BntWeb.Wallet.Services.WalletTask" . [(null)]
2017-04-27 14:31:32,950 [27] BntWeb.Task.BackgroundService - (null) - 开始执行后台任务 "BntWeb.Core.SystemSettings.Services.ClearLogsTask" . [(null)]
2017-04-27 14:31:32,951 [13] BntWeb.Task.BackgroundService - (null) - 开始执行后台任务 "BntWeb.Activity.Services.ActivityOperateTask" . [(null)]
2017-04-27 14:31:32,951 [19] BntWeb.Task.BackgroundService - (null) - 开始执行后台任务 "BntWeb.OrderProcess.Services.OrderProcessTask" . [(null)]
2017-04-27 14:32:32,952 [18] BntWeb.Task.BackgroundService - (null) - 开始执行后台任务 "BntWeb.Wallet.Services.WalletTask" . [(null)]
2017-04-27 14:32:32,952 [31] BntWeb.Task.BackgroundService - (null) - 开始执行后台任务 "BntWeb.Core.SystemSettings.Services.ClearLogsTask" . [(null)]
2017-04-27 14:32:32,952 [27] BntWeb.Task.BackgroundService - (null) - 开始执行后台任务 "BntWeb.Core.SystemSettings.Services.ClearFilesTask" . [(null)]
2017-04-27 14:32:32,952 [30] BntWeb.Task.BackgroundService - (null) - 开始执行后台任务 "BntWeb.OrderProcess.Services.OrderProcessTask" . [(null)]
2017-04-27 14:32:32,952 [7] BntWeb.Task.BackgroundService - (null) - 开始执行后台任务 "BntWeb.Activity.Services.ActivityOperateTask" . [(null)]
2017-04-27 14:33:32,955 [27] BntWeb.Task.BackgroundService - (null) - 开始执行后台任务 "BntWeb.Core.SystemSettings.Services.ClearLogsTask" . [(null)]
2017-04-27 14:33:32,955 [31] BntWeb.Task.BackgroundService - (null) - 开始执行后台任务 "BntWeb.Core.SystemSettings.Services.ClearFilesTask" . [(null)]
2017-04-27 14:33:32,955 [7] BntWeb.Task.BackgroundService - (null) - 开始执行后台任务 "BntWeb.Wallet.Services.WalletTask" . [(null)]
2017-04-27 14:33:32,955 [21] BntWeb.Task.BackgroundService - (null) - 开始执行后台任务 "BntWeb.OrderProcess.Services.OrderProcessTask" . [(null)]
2017-04-27 14:33:32,955 [20] BntWeb.Task.BackgroundService - (null) - 开始执行后台任务 "BntWeb.Activity.Services.ActivityOperateTask" . [(null)]
